2023-07-11 20:27:42,700 [INFO] Activator:176 - 


2023-07-11 20:27:42,705 [INFO] Activator:177 - !SESSION log4j initialized
2023-07-11 20:27:48,379 [INFO] LogOutputStream:77 - [STDOUT_REDIRECT] 
2023-07-11 20:28:09,942 [ERROR] LogOutputStream:75 - [STDERR_REDIRECT] SLF4J: Failed to load class "org.slf4j.impl.StaticLoggerBinder".
2023-07-11 20:28:09,942 [ERROR] LogOutputStream:75 - [STDERR_REDIRECT] SLF4J: Defaulting to no-operation (NOP) logger implementation
2023-07-11 20:28:09,943 [ERROR] LogOutputStream:75 - [STDERR_REDIRECT] SLF4J: See http://www.slf4j.org/codes.html#StaticLoggerBinder for further details.
2023-07-11 20:28:14,638 [INFO] ApplicationProperties:184 - Using Application install path: C:\ST\STM32CubeIDE_1.12.1\STM32CubeIDE\plugins\com.st.stm32cube.common.mx_6.8.1.202304191431
2023-07-11 20:28:14,664 [INFO] DbMcusXml:78 - Set database path to: C:\ST\STM32CubeIDE_1.12.1\STM32CubeIDE\plugins\com.st.stm32cube.common.mx_6.8.1.202304191431\\db\/mcu/
2023-07-11 20:28:14,664 [INFO] ApiDb:274 - Set plugin database path to: C:\ST\STM32CubeIDE_1.12.1\STM32CubeIDE\plugins\com.st.stm32cube.common.mx_6.8.1.202304191431\\db\/plugins/boardmanager/
2023-07-11 20:28:14,667 [WARN] ApiDb:259 - Overriding images path with different value:  => C:\ST\STM32CubeIDE_1.12.1\STM32CubeIDE\plugins\com.st.stm32cube.common.mx_6.8.1.202304191431\\db\/plugins/mcufinder/images/
2023-07-11 20:28:14,685 [INFO] ApiDb:250 - Set database path to: C:\Users\sande\.stmcufinder\plugins\mcufinder//mcu/
2023-07-11 20:28:14,687 [INFO] DbMcusAds:125 - Set database path to: C:\Users\sande\.stmcufinder\plugins\mcufinder//mcu/
2023-07-11 20:28:15,088 [INFO] CrossReferenceDbSqlite:203 - Set database path to: C:\Users\sande\.stmcufinder\plugins\mcufinder//mcu/cs/
2023-07-11 20:28:15,219 [INFO] RulesReader:64 - Compatibility file has been processed (293 Rules)
2023-07-11 20:28:15,298 [INFO] DbMcusXml:78 - Set database path to: C:\ST\STM32CubeIDE_1.12.1\STM32CubeIDE\plugins\com.st.stm32cube.common.mx_6.8.1.202304191431\\db\/mcu/
2023-07-11 20:28:15,298 [INFO] ApiDb:274 - Set plugin database path to: C:\ST\STM32CubeIDE_1.12.1\STM32CubeIDE\plugins\com.st.stm32cube.common.mx_6.8.1.202304191431\\db\/plugins/boardmanager/
2023-07-11 20:28:15,299 [INFO] ApiDb:261 - Set plugin images path to: C:\ST\STM32CubeIDE_1.12.1\STM32CubeIDE\plugins\com.st.stm32cube.common.mx_6.8.1.202304191431\\db\/plugins/mcufinder/images/
2023-07-11 20:28:15,299 [WARN] DbFile:41 - Overriding database path with different value: C:\Users\sande\.stmcufinder\plugins\mcufinder/ => C:\Users\sande\.stmcufinder\plugins\mcufinder
2023-07-11 20:28:15,299 [INFO] ApiDb:250 - Set database path to: C:\Users\sande\.stmcufinder\plugins\mcufinder//mcu/
2023-07-11 20:28:15,299 [WARN] DbFile:41 - Overriding database path with different value: C:\Users\sande\.stmcufinder\plugins\mcufinder/ => C:\Users\sande\.stmcufinder\plugins\mcufinder
2023-07-11 20:28:15,299 [INFO] DbMcusAds:125 - Set database path to: C:\Users\sande\.stmcufinder\plugins\mcufinder//mcu/
2023-07-11 20:28:15,299 [WARN] DbFile:41 - Overriding database path with different value: C:\Users\sande\.stmcufinder\plugins\mcufinder/ => C:\Users\sande\.stmcufinder\plugins\mcufinder
2023-07-11 20:28:15,299 [WARN] DbFile:41 - Overriding database path with different value: C:\Users\sande\.stmcufinder\plugins\mcufinder/ => C:\Users\sande\.stmcufinder\plugins\mcufinder
2023-07-11 20:28:15,299 [INFO] CrossReferenceDbSqlite:203 - Set database path to: C:\Users\sande\.stmcufinder\plugins\mcufinder//mcu/cs/
2023-07-11 20:28:15,369 [INFO] MainPanel:253 - HeapMemory: 268435456
2023-07-11 20:28:15,449 [INFO] DbMcusXml:78 - Set database path to: C:\ST\STM32CubeIDE_1.12.1\STM32CubeIDE\plugins\com.st.stm32cube.common.mx_6.8.1.202304191431\\db\/mcu/
2023-07-11 20:28:15,449 [INFO] ApiDb:274 - Set plugin database path to: C:\ST\STM32CubeIDE_1.12.1\STM32CubeIDE\plugins\com.st.stm32cube.common.mx_6.8.1.202304191431\\db\/plugins/boardmanager/
2023-07-11 20:28:15,449 [INFO] ApiDb:261 - Set plugin images path to: C:\ST\STM32CubeIDE_1.12.1\STM32CubeIDE\plugins\com.st.stm32cube.common.mx_6.8.1.202304191431\\db\/plugins/mcufinder/images/
2023-07-11 20:28:15,450 [WARN] DbFile:41 - Overriding database path with different value: C:\Users\sande\.stmcufinder\plugins\mcufinder/ => C:\Users\sande\.stmcufinder\plugins\mcufinder
2023-07-11 20:28:15,450 [INFO] ApiDb:250 - Set database path to: C:\Users\sande\.stmcufinder\plugins\mcufinder//mcu/
2023-07-11 20:28:15,450 [WARN] DbFile:41 - Overriding database path with different value: C:\Users\sande\.stmcufinder\plugins\mcufinder/ => C:\Users\sande\.stmcufinder\plugins\mcufinder
2023-07-11 20:28:15,450 [INFO] DbMcusAds:125 - Set database path to: C:\Users\sande\.stmcufinder\plugins\mcufinder//mcu/
2023-07-11 20:28:15,450 [WARN] DbFile:41 - Overriding database path with different value: C:\Users\sande\.stmcufinder\plugins\mcufinder/ => C:\Users\sande\.stmcufinder\plugins\mcufinder
2023-07-11 20:28:15,450 [WARN] DbFile:41 - Overriding database path with different value: C:\Users\sande\.stmcufinder\plugins\mcufinder/ => C:\Users\sande\.stmcufinder\plugins\mcufinder
2023-07-11 20:28:15,451 [INFO] CrossReferenceDbSqlite:203 - Set database path to: C:\Users\sande\.stmcufinder\plugins\mcufinder//mcu/cs/
2023-07-11 20:28:15,465 [INFO] ApplicationProperties:184 - Using Application install path: C:\ST\STM32CubeIDE_1.12.1\STM32CubeIDE\plugins\com.st.stm32cube.common.mx_6.8.1.202304191431
2023-07-11 20:28:15,467 [INFO] PluginManage:196 - Search for loadable plugins [exclusion list=, ]
2023-07-11 20:28:15,469 [INFO] PluginManage:310 - Check plugin analytics
2023-07-11 20:28:15,581 [INFO] AnalyticsPlugin:253 - Accepted Software Licenses: 
2023-07-11 20:28:15,581 [INFO] AnalyticsPlugin:255 - Accepted CMSIS Pack Licenses: 
2023-07-11 20:28:15,582 [INFO] AnalyticsPlugin:257 - Accepted Firmware Licenses: FW.F4.1.27.0
2023-07-11 20:28:15,592 [INFO] PluginManage:359 - Loaded plugin analytics (category:tool,tabindex:-1)
2023-07-11 20:28:15,592 [INFO] PluginManage:310 - Check plugin cadmodel
2023-07-11 20:28:15,597 [INFO] CADModel:105 - Init CAD model plugin
2023-07-11 20:28:15,598 [INFO] PluginManage:359 - Loaded plugin cadmodel (category:power,tabindex:5)
2023-07-11 20:28:15,598 [INFO] PluginManage:310 - Check plugin clock
2023-07-11 20:28:15,607 [INFO] PluginManage:359 - Loaded plugin clock (category:base,tabindex:2)
2023-07-11 20:28:15,607 [INFO] PluginManage:310 - Check plugin ddr
2023-07-11 20:28:15,609 [INFO] PluginManage:359 - Loaded plugin ddr (category:tool,tabindex:6)
2023-07-11 20:28:15,609 [INFO] PluginManage:310 - Check plugin filemanager
2023-07-11 20:28:15,723 [INFO] PluginManage:359 - Loaded plugin filemanager (category:base,tabindex:10)
2023-07-11 20:28:15,723 [INFO] PluginManage:310 - Check plugin ipmanager
2023-07-11 20:28:15,733 [INFO] PluginManage:359 - Loaded plugin ipmanager (category:base,tabindex:5)
2023-07-11 20:28:15,733 [INFO] PluginManage:310 - Check plugin lpbam
2023-07-11 20:28:15,741 [INFO] PluginManage:359 - Loaded plugin lpbam (category:base,tabindex:0)
2023-07-11 20:28:15,741 [INFO] PluginManage:310 - Check plugin pinoutandconfiguration
2023-07-11 20:28:15,750 [INFO] PluginManage:359 - Loaded plugin pinoutandconfiguration (category:base,tabindex:1)
2023-07-11 20:28:15,750 [INFO] PluginManage:310 - Check plugin pinoutconfig
2023-07-11 20:28:15,826 [WARN] SupportedApi:132 - Cannot load RTOS API schema: s4s-elt-must-match.1: The content of 'definitions' must match (annotation?, (simpleType | complexType)?, (unique | key | keyref)*)). A problem was found starting at: attribute.
2023-07-11 20:28:15,950 [INFO] PluginManage:359 - Loaded plugin pinoutconfig (category:base,tabindex:0)
2023-07-11 20:28:15,950 [INFO] PluginManage:310 - Check plugin power
2023-07-11 20:28:15,961 [INFO] PluginManage:359 - Loaded plugin power (category:power,tabindex:4)
2023-07-11 20:28:15,961 [INFO] PluginManage:310 - Check plugin projectmanager
2023-07-11 20:28:15,975 [INFO] PluginManage:359 - Loaded plugin projectmanager (category:projectmanager,tabindex:3)
2023-07-11 20:28:15,976 [INFO] PluginManage:310 - Check plugin thirdparty
2023-07-11 20:28:16,091 [INFO] PluginManage:359 - Loaded plugin thirdparty (category:base,tabindex:-1)
2023-07-11 20:28:16,091 [INFO] PluginManage:310 - Check plugin tools
2023-07-11 20:28:16,091 [WARN] IntegrityCheckThread:84 - waiting for thirdparty lock release [integrity check]
2023-07-11 20:28:16,092 [INFO] IntegrityCheckThread:86 - entering critical section [integrity check]
2023-07-11 20:28:16,093 [INFO] ThirdPartyUpdaterWithRetryManager:70 - Updater plugin not ready yet. [1/15]
2023-07-11 20:28:16,094 [INFO] PluginManage:359 - Loaded plugin tools (category:base,tabindex:7)
2023-07-11 20:28:16,094 [INFO] PluginManage:310 - Check plugin tutovideos
2023-07-11 20:28:16,266 [INFO] PluginManage:359 - Loaded plugin tutovideos (category:base,tabindex:-1)
2023-07-11 20:28:16,268 [INFO] PluginManage:310 - Check plugin updater
2023-07-11 20:28:16,303 [INFO] PluginManage:359 - Loaded plugin updater (category:base,tabindex:12)
2023-07-11 20:28:16,303 [INFO] PluginManage:283 - PluginManage : Loaded plugins [15]
2023-07-11 20:28:16,553 [INFO] PinOutPanel:1499 - setPackage(No Configuration,No Configuration)
2023-07-11 20:28:16,617 [INFO] CADModel:165 - CPN selected for project level
2023-07-11 20:28:16,617 [INFO] CADModel:114 - Register for checkConnection events
2023-07-11 20:28:16,635 [INFO] IPUIPlugin:80 - create IPUIPlugin
2023-07-11 20:28:16,635 [INFO] PluginManager:220 - loadIPPluginJar : add adc
2023-07-11 20:28:16,638 [INFO] IPUIPlugin:80 - create IPUIPlugin
2023-07-11 20:28:16,638 [INFO] PluginManager:220 - loadIPPluginJar : add aes
2023-07-11 20:28:16,640 [INFO] IPUIPlugin:80 - create IPUIPlugin
2023-07-11 20:28:16,640 [INFO] PluginManager:220 - loadIPPluginJar : add can
2023-07-11 20:28:16,643 [INFO] IPUIPlugin:80 - create IPUIPlugin
2023-07-11 20:28:16,643 [INFO] PluginManager:220 - loadIPPluginJar : add comp
2023-07-11 20:28:16,645 [INFO] IPUIPlugin:80 - create IPUIPlugin
2023-07-11 20:28:16,645 [INFO] PluginManager:220 - loadIPPluginJar : add cryp
2023-07-11 20:28:16,647 [INFO] IPUIPlugin:80 - create IPUIPlugin
2023-07-11 20:28:16,647 [INFO] PluginManager:220 - loadIPPluginJar : add dfsdm
2023-07-11 20:28:16,653 [INFO] IPUIPlugin:80 - create IPUIPlugin
2023-07-11 20:28:16,653 [INFO] PluginManager:220 - loadIPPluginJar : add dma
2023-07-11 20:28:16,656 [INFO] IPUIPlugin:80 - create IPUIPlugin
2023-07-11 20:28:16,657 [INFO] PluginManager:220 - loadIPPluginJar : add dma3
2023-07-11 20:28:16,659 [INFO] IPUIPlugin:80 - create IPUIPlugin
2023-07-11 20:28:16,659 [INFO] PluginManager:220 - loadIPPluginJar : add fatfs
2023-07-11 20:28:16,663 [INFO] IPUIPlugin:80 - create IPUIPlugin
2023-07-11 20:28:16,663 [INFO] PluginManager:220 - loadIPPluginJar : add fmc
2023-07-11 20:28:16,669 [INFO] IPUIPlugin:80 - create IPUIPlugin
2023-07-11 20:28:16,669 [INFO] PluginManager:220 - loadIPPluginJar : add freertos
2023-07-11 20:28:16,671 [INFO] IPUIPlugin:80 - create IPUIPlugin
2023-07-11 20:28:16,671 [INFO] PluginManager:220 - loadIPPluginJar : add genericplugin
2023-07-11 20:28:16,673 [INFO] IPUIPlugin:80 - create IPUIPlugin
2023-07-11 20:28:16,673 [INFO] PluginManager:220 - loadIPPluginJar : add gfxmmu
2023-07-11 20:28:16,678 [INFO] IPUIPlugin:80 - create IPUIPlugin
2023-07-11 20:28:16,678 [INFO] PluginManager:220 - loadIPPluginJar : add gic
2023-07-11 20:28:16,682 [INFO] IPUIPlugin:80 - create IPUIPlugin
2023-07-11 20:28:16,682 [INFO] PluginManager:220 - loadIPPluginJar : add gpio
2023-07-11 20:28:16,685 [INFO] IPUIPlugin:80 - create IPUIPlugin
2023-07-11 20:28:16,685 [INFO] PluginManager:220 - loadIPPluginJar : add gtzc
2023-07-11 20:28:16,687 [INFO] IPUIPlugin:80 - create IPUIPlugin
2023-07-11 20:28:16,687 [INFO] PluginManager:220 - loadIPPluginJar : add hash
2023-07-11 20:28:16,689 [INFO] IPUIPlugin:80 - create IPUIPlugin
2023-07-11 20:28:16,690 [INFO] PluginManager:220 - loadIPPluginJar : add i2c
2023-07-11 20:28:16,692 [INFO] IPUIPlugin:80 - create IPUIPlugin
2023-07-11 20:28:16,692 [INFO] PluginManager:220 - loadIPPluginJar : add i2s
2023-07-11 20:28:16,695 [INFO] IPUIPlugin:80 - create IPUIPlugin
2023-07-11 20:28:16,695 [INFO] PluginManager:220 - loadIPPluginJar : add i3c
2023-07-11 20:28:16,698 [INFO] IPUIPlugin:80 - create IPUIPlugin
2023-07-11 20:28:16,698 [INFO] PluginManager:220 - loadIPPluginJar : add ipddr
2023-07-11 20:28:16,705 [INFO] IPUIPlugin:80 - create IPUIPlugin
2023-07-11 20:28:16,705 [INFO] PluginManager:220 - loadIPPluginJar : add linkedlist
2023-07-11 20:28:16,708 [INFO] IPUIPlugin:80 - create IPUIPlugin
2023-07-11 20:28:16,708 [INFO] PluginManager:220 - loadIPPluginJar : add lorawan
2023-07-11 20:28:16,710 [INFO] IPUIPlugin:80 - create IPUIPlugin
2023-07-11 20:28:16,711 [INFO] PluginManager:220 - loadIPPluginJar : add ltdc
2023-07-11 20:28:16,716 [INFO] IPUIPlugin:80 - create IPUIPlugin
2023-07-11 20:28:16,717 [INFO] PluginManager:220 - loadIPPluginJar : add mdma
2023-07-11 20:28:16,720 [INFO] IPUIPlugin:80 - create IPUIPlugin
2023-07-11 20:28:16,721 [INFO] PluginManager:220 - loadIPPluginJar : add nvic
2023-07-11 20:28:16,723 [INFO] IPUIPlugin:80 - create IPUIPlugin
2023-07-11 20:28:16,723 [INFO] PluginManager:220 - loadIPPluginJar : add opamp
2023-07-11 20:28:16,727 [INFO] IPUIPlugin:80 - create IPUIPlugin
2023-07-11 20:28:16,727 [INFO] PluginManager:220 - loadIPPluginJar : add openamp
2023-07-11 20:28:16,730 [INFO] IPUIPlugin:80 - create IPUIPlugin
2023-07-11 20:28:16,730 [INFO] PluginManager:220 - loadIPPluginJar : add pdm2pcm
2023-07-11 20:28:16,736 [INFO] IPUIPlugin:80 - create IPUIPlugin
2023-07-11 20:28:16,739 [INFO] PluginManager:220 - loadIPPluginJar : add plateformsettings
2023-07-11 20:28:16,741 [INFO] IPUIPlugin:80 - create IPUIPlugin
2023-07-11 20:28:16,741 [INFO] PluginManager:220 - loadIPPluginJar : add quadspi
2023-07-11 20:28:16,745 [INFO] IPUIPlugin:80 - create IPUIPlugin
2023-07-11 20:28:16,745 [INFO] PluginManager:220 - loadIPPluginJar : add resmgrutility
2023-07-11 20:28:16,748 [INFO] IPUIPlugin:80 - create IPUIPlugin
2023-07-11 20:28:16,749 [INFO] PluginManager:220 - loadIPPluginJar : add sai
2023-07-11 20:28:16,752 [INFO] IPUIPlugin:80 - create IPUIPlugin
2023-07-11 20:28:16,752 [INFO] PluginManager:220 - loadIPPluginJar : add spi
2023-07-11 20:28:16,757 [INFO] IPUIPlugin:80 - create IPUIPlugin
2023-07-11 20:28:16,757 [INFO] PluginManager:220 - loadIPPluginJar : add stm32_wpan
2023-07-11 20:28:16,759 [INFO] IPUIPlugin:80 - create IPUIPlugin
2023-07-11 20:28:16,759 [INFO] PluginManager:220 - loadIPPluginJar : add tim
2023-07-11 20:28:16,762 [INFO] IPUIPlugin:80 - create IPUIPlugin
2023-07-11 20:28:16,762 [INFO] PluginManager:220 - loadIPPluginJar : add touchsensing
2023-07-11 20:28:16,764 [INFO] IPUIPlugin:80 - create IPUIPlugin
2023-07-11 20:28:16,764 [INFO] PluginManager:220 - loadIPPluginJar : add tracer_emb
2023-07-11 20:28:16,774 [INFO] IPUIPlugin:80 - create IPUIPlugin
2023-07-11 20:28:16,775 [INFO] PluginManager:220 - loadIPPluginJar : add ts
2023-07-11 20:28:16,777 [INFO] IPUIPlugin:80 - create IPUIPlugin
2023-07-11 20:28:16,777 [INFO] PluginManager:220 - loadIPPluginJar : add tsc
2023-07-11 20:28:16,780 [INFO] IPUIPlugin:80 - create IPUIPlugin
2023-07-11 20:28:16,780 [INFO] PluginManager:220 - loadIPPluginJar : add ucpd
2023-07-11 20:28:16,783 [INFO] IPUIPlugin:80 - create IPUIPlugin
2023-07-11 20:28:16,783 [INFO] PluginManager:220 - loadIPPluginJar : add usart
2023-07-11 20:28:16,786 [INFO] IPUIPlugin:80 - create IPUIPlugin
2023-07-11 20:28:16,786 [INFO] PluginManager:220 - loadIPPluginJar : add usbx
2023-07-11 20:28:16,924 [INFO] CADModel:165 - CPN selected for project level
2023-07-11 20:28:16,925 [INFO] CADModel:114 - Register for checkConnection events
2023-07-11 20:28:16,926 [FATAL] Updater:308 - Updater called before beeing initialized
2023-07-11 20:28:16,926 [ERROR] CADModel:125 - Updater not yet initialized, retry later 
2023-07-11 20:28:17,126 [INFO] CADModel:165 - CPN selected for project level
2023-07-11 20:28:17,127 [INFO] CADModel:114 - Register for checkConnection events
2023-07-11 20:28:17,127 [FATAL] Updater:308 - Updater called before beeing initialized
2023-07-11 20:28:17,127 [ERROR] CADModel:125 - Updater not yet initialized, retry later 
2023-07-11 20:28:17,132 [FATAL] Updater:308 - Updater called before beeing initialized
2023-07-11 20:28:17,270 [FATAL] Updater:308 - Updater called before beeing initialized
2023-07-11 20:28:17,276 [INFO] DbMcusAds:53 - JSON generation date=Tue Mar 07 14:20:55 IST 2023 (1678179055335)
2023-07-11 20:28:17,276 [FATAL] Updater:308 - Updater called before beeing initialized
2023-07-11 20:28:17,312 [WARN] DetailPanel:346 - Failed to get advertising image, set to default
2023-07-11 20:28:17,444 [FATAL] Updater:308 - Updater called before beeing initialized
2023-07-11 20:28:17,447 [FATAL] Updater:308 - Updater called before beeing initialized
2023-07-11 20:28:17,448 [FATAL] Updater:308 - Updater called before beeing initialized
2023-07-11 20:28:17,448 [WARN] DetailPanel:346 - Failed to get advertising image, set to default
2023-07-11 20:28:17,449 [FATAL] Updater:308 - Updater called before beeing initialized
2023-07-11 20:28:17,495 [ERROR] Updater:1120 - MainUpdater not yet initialized. External WinMGr cannot be set.
2023-07-11 20:28:17,497 [INFO] Updater:1056 - Updater Version found : 6.8.1
2023-07-11 20:28:17,514 [INFO] ApplicationProperties:184 - Using Application install path: C:\ST\STM32CubeIDE_1.12.1\STM32CubeIDE\plugins\com.st.stm32cube.common.mx_6.8.1.202304191431
2023-07-11 20:28:17,645 [INFO] MainUpdater:2854 - connection check result : 10
2023-07-11 20:28:17,647 [INFO] MainUpdater:283 - Updater Check For Update Now.
2023-07-11 20:28:17,648 [INFO] MicroXplorer:498 - Change Database Version : DB.6.0.81
2023-07-11 20:28:17,811 [INFO] CheckServerUpdateThread:120 - End of CheckServer Thread
2023-07-11 20:28:17,878 [INFO] MainUpdater:2854 - connection check result : 10
2023-07-11 20:28:17,882 [INFO] MainUpdater:2854 - connection check result : 10
2023-07-11 20:28:17,944 [INFO] MicroXplorer:468 - Change Database Path : 
2023-07-11 20:28:17,944 [INFO] MicroXplorer:498 - Change Database Version : DB.6.0.81
2023-07-11 20:28:17,944 [WARN] ThirdParty:871 - waiting for thirdparty lock release [close project]
2023-07-11 20:28:19,263 [WARN] PackLoader:240 - Cannot read IP mode file for STMicroelectronics.X-CUBE-SMBUS.2.1.0
2023-07-11 20:28:19,283 [WARN] PackLoader:240 - Cannot read IP mode file for STMicroelectronics.X-CUBE-AZRTOS-F7.1.1.0
2023-07-11 20:28:19,297 [WARN] PackLoader:240 - Cannot read IP mode file for STMicroelectronics.FP-SNS-MOTENV1.4.3.2
2023-07-11 20:28:19,303 [ERROR] RealEvaluatedCondition:428 - Found unsupported composite condition: GROUP='STM32_MetaDataManager' CLASS='Data Exchange'
2023-07-11 20:28:19,303 [ERROR] RealEvaluatedCondition:428 - Found unsupported composite condition: GROUP='STM32_MetaDataManager' CLASS='Data Exchange'
2023-07-11 20:28:19,304 [WARN] PackLoader:240 - Cannot read IP mode file for STMicroelectronics.FP-SNS-MOTENV1.4.3.1
2023-07-11 20:28:19,308 [WARN] PackLoader:240 - Cannot read IP mode file for STMicroelectronics.FP-SNS-FLIGHT1.5.0.1
2023-07-11 20:28:19,313 [WARN] PackLoader:240 - Cannot read IP mode file for STMicroelectronics.X-CUBE-BLE1.6.2.4
2023-07-11 20:28:19,318 [WARN] PackLoader:240 - Cannot read IP mode file for STMicroelectronics.X-CUBE-DISPLAY.3.0.0
2023-07-11 20:28:19,330 [WARN] PackLoader:240 - Cannot read IP mode file for STMicroelectronics.X-CUBE-TOUCHGFX.4.22.0
2023-07-11 20:28:19,336 [INFO] LogOutputStream:77 - [STDOUT_REDIRECT] 1 : Invalid condition id : UX_CORESTACK_Condition cause : null
2023-07-11 20:28:19,337 [INFO] LogOutputStream:77 - [STDOUT_REDIRECT] 1 : Invalid condition id : UX_CORESTACK_Condition cause : null
2023-07-11 20:28:19,337 [INFO] LogOutputStream:77 - [STDOUT_REDIRECT] 1 : Invalid condition id : UX_CORESTACK_Condition cause : null
2023-07-11 20:28:19,338 [INFO] LogOutputStream:77 - [STDOUT_REDIRECT] 1 : Invalid condition id : UX_CORESTACK_Condition cause : null
2023-07-11 20:28:19,338 [INFO] LogOutputStream:77 - [STDOUT_REDIRECT] 1 : Invalid condition id : UX_CORESTACK_Condition cause : null
2023-07-11 20:28:19,341 [WARN] PackLoader:240 - Cannot read IP mode file for STMicroelectronics.X-CUBE-AZRTOS-WL.2.0.0
2023-07-11 20:28:19,351 [WARN] PackLoader:240 - Cannot read IP mode file for WES.I-CUBE-Cesium.1.3.0
2023-07-11 20:28:19,356 [WARN] PackLoader:240 - Cannot read IP mode file for STMicroelectronics.X-CUBE-BLE2.3.3.0
2023-07-11 20:28:19,358 [WARN] PackLoader:240 - Cannot read IP mode file for STMicroelectronics.X-CUBE-TOUCHGFX.4.21.4
2023-07-11 20:28:19,363 [WARN] PackLoader:240 - Cannot read IP mode file for STMicroelectronics.X-CUBE-ALGOBUILD.1.3.0
2023-07-11 20:28:19,372 [WARN] PackLoader:240 - Cannot read IP mode file for STMicroelectronics.X-CUBE-AZRTOS-G0.1.1.0
2023-07-11 20:28:19,377 [WARN] PackLoader:240 - Cannot read IP mode file for STMicroelectronics.X-CUBE-NFC4.3.0.0
2023-07-11 20:28:19,380 [WARN] PackLoader:240 - Cannot read IP mode file for STMicroelectronics.FP-ATR-SIGFOX1.3.2.0
2023-07-11 20:28:19,401 [WARN] PackLoader:240 - Cannot read IP mode file for SEGGER.I-CUBE-embOS.1.3.1
2023-07-11 20:28:19,431 [WARN] PackLoader:240 - Cannot read IP mode file for STMicroelectronics.X-CUBE-GNSS1.6.0.0
2023-07-11 20:28:19,441 [WARN] PackLoader:240 - Cannot read IP mode file for STMicroelectronics.X-CUBE-AZRTOS-F4.1.1.0
2023-07-11 20:28:19,447 [WARN] PackLoader:240 - Cannot read IP mode file for wolfSSL.I-CUBE-wolfSSL.5.6.0
2023-07-11 20:28:19,494 [WARN] PackLoader:240 - Cannot read IP mode file for STMicroelectronics.X-CUBE-MEMS1.9.6.0
2023-07-11 20:28:19,657 [WARN] PackLoader:240 - Cannot read IP mode file for emotas.I-CUBE-CANOPEN.1.1.3
2023-07-11 20:28:19,666 [WARN] PackLoader:240 - Cannot read IP mode file for STMicroelectronics.X-CUBE-BLEMGR.2.0.0
2023-07-11 20:28:19,684 [WARN] ConditionMgr:438 - getConditionDescription Invalid condition id : UX DEVICE CLASS RTOS Condition cause : null
2023-07-11 20:28:19,684 [WARN] ConditionMgr:438 - getConditionDescription Invalid condition id : UX DEVICE CLASS RTOS Condition cause : null
2023-07-11 20:28:19,690 [WARN] PackLoader:240 - Cannot read IP mode file for STMicroelectronics.X-CUBE-AZRTOS-H7.3.1.0
2023-07-11 20:28:19,691 [WARN] ConditionMgr:1039 - genDependencies : Invalid condition id : UX DEVICE CLASS RTOS Condition cause : null
2023-07-11 20:28:19,691 [WARN] ConditionMgr:1039 - genDependencies : Invalid condition id : UX DEVICE CLASS RTOS Condition cause : null
2023-07-11 20:28:19,691 [WARN] ConditionMgr:1039 - genDependencies : Invalid condition id : UX DEVICE CLASS RTOS Condition cause : null
2023-07-11 20:28:19,691 [WARN] ConditionMgr:1039 - genDependencies : Invalid condition id : UX DEVICE CLASS RTOS Condition cause : null
2023-07-11 20:28:19,691 [WARN] ConditionMgr:1039 - genDependencies : Invalid condition id : UX DEVICE CLASS RTOS Condition cause : null
2023-07-11 20:28:19,698 [WARN] PackLoader:240 - Cannot read IP mode file for STMicroelectronics.X-CUBE-NFC7.1.0.1
2023-07-11 20:28:19,704 [WARN] PackLoader:240 - Cannot read IP mode file for STMicroelectronics.X-CUBE-EEPRMA1.4.1.0
2023-07-11 20:28:19,717 [WARN] ConditionMgr:438 - getConditionDescription Invalid condition id : LAN8742 Phy interface Condition cause : null
2023-07-11 20:28:19,717 [WARN] PackLoader:240 - Cannot read IP mode file for STMicroelectronics.X-CUBE-AZRTOS-L4.2.0.0
2023-07-11 20:28:19,718 [WARN] ConditionMgr:1039 - genDependencies : Invalid condition id : LAN8742 Phy interface Condition cause : null
2023-07-11 20:28:19,719 [WARN] ConditionMgr:1039 - genDependencies : Invalid condition id : LAN8742 Phy interface Condition cause : null
2023-07-11 20:28:19,719 [WARN] ConditionMgr:1039 - genDependencies : Invalid condition id : LAN8742 Phy interface Condition cause : null
2023-07-11 20:28:19,726 [WARN] PackLoader:240 - Cannot read IP mode file for STMicroelectronics.X-CUBE-SFXS2LP1.4.0.0
2023-07-11 20:28:19,730 [WARN] PackLoader:240 - Cannot read IP mode file for STMicroelectronics.X-CUBE-ISPU.1.1.0
2023-07-11 20:28:19,737 [WARN] PackLoader:240 - Cannot read IP mode file for STMicroelectronics.X-CUBE-FREERTOS.1.0.1
2023-07-11 20:28:19,749 [WARN] PackLoader:240 - Cannot read IP mode file for STMicroelectronics.X-CUBE-AZRTOS-L5.1.1.0
2023-07-11 20:28:19,757 [WARN] PackLoader:240 - Cannot read IP mode file for STMicroelectronics.X-CUBE-AI.8.0.1
2023-07-11 20:28:19,764 [WARN] PackLoader:240 - Cannot read IP mode file for STMicroelectronics.X-CUBE-SUBG2.5.0.0
2023-07-11 20:28:19,777 [WARN] PackLoader:240 - Cannot read IP mode file for STMicroelectronics.X-CUBE-AZRTOS-G4.2.0.0
2023-07-11 20:28:19,791 [WARN] PackLoader:240 - Cannot read IP mode file for STMicroelectronics.X-CUBE-TOF1.3.3.0
2023-07-11 20:28:19,858 [WARN] PackLoader:240 - Cannot read IP mode file for portGmbH.I-Cube-SoM-uGOAL.1.1.0
2023-07-11 20:28:19,862 [WARN] PackLoader:240 - Cannot read IP mode file for STMicroelectronics.X-CUBE-ALS.1.0.1
2023-07-11 20:28:19,875 [WARN] PackLoader:240 - Cannot read IP mode file for STMicroelectronics.X-CUBE-AZRTOS-WB.1.1.0
2023-07-11 20:28:19,881 [WARN] PackLoader:240 - Cannot read IP mode file for STMicroelectronics.FP-ATR-ASTRA1.2.0.0
2023-07-11 20:28:19,883 [INFO] ThirdParty:978 - Integrity check success = true
2023-07-11 20:28:19,883 [INFO] IntegrityCheckThread:100 - exiting critical section [integrity check]
2023-07-11 20:28:19,884 [INFO] ThirdParty:873 - entering critical section [close project]
2023-07-11 20:28:19,885 [INFO] IntegrityCheckThread:103 - End integrity checks thread
2023-07-11 20:28:19,886 [INFO] ThirdParty:883 - exiting critical section [close project]
2023-07-11 20:28:19,896 [INFO] PinOutPanel:1499 - setPackage(No Configuration,No Configuration)
2023-07-11 20:28:19,904 [INFO] UtilMem:75 - Begin LoadConfig() Used Memory: 172511400 Bytes (269484032)
2023-07-11 20:28:19,905 [INFO] MicroXplorer:468 - Change Database Path : 
2023-07-11 20:28:19,905 [INFO] MicroXplorer:498 - Change Database Version : DB.6.0.81
2023-07-11 20:28:19,905 [INFO] OpenFileManager:308 - Change cursor
2023-07-11 20:28:19,934 [INFO] Mcu:1937 - Initializing MCU STM32F407V(E-G)Tx STM32F407VETx STM32F407VET6
2023-07-11 20:28:21,097 [INFO] Context:659 - Trying to add GPIOservice into a context  which must be forbidden
2023-07-11 20:28:21,620 [INFO] RtosManager:555 - Registered RTOS mode: class=CMSIS, group=RTOS, mode=CMSIS_V1, owner=FREERTOS
2023-07-11 20:28:21,620 [INFO] RtosManager:555 - Registered RTOS mode: class=CMSIS, group=RTOS2, mode=CMSIS_V2, owner=FREERTOS
2023-07-11 20:28:21,620 [INFO] RtosManager:555 - Registered RTOS mode: class=RTOS, group=Core, mode=CMSIS_V1, owner=FREERTOS
2023-07-11 20:28:21,621 [INFO] RtosManager:555 - Registered RTOS mode: class=RTOS, group=Core, mode=CMSIS_V2, owner=FREERTOS
2023-07-11 20:28:21,621 [WARN] ModelIntegratedComponent:184 - Missing modes for component STMicroelectronics:FreeRTOS:0.0.1:STMicroelectronics:RTOS:FreeRTOS:Core:::10.2.0:
2023-07-11 20:28:21,633 [WARN] ModelIntegratedComponent:63 - No mode defined for component null
2023-07-11 20:28:21,633 [WARN] ModelIntegratedComponent:63 - No mode defined for component null
2023-07-11 20:28:21,633 [WARN] ModelIntegratedComponent:63 - No mode defined for component null
2023-07-11 20:28:21,633 [WARN] ModelIntegratedComponent:63 - No mode defined for component null
2023-07-11 20:28:21,633 [WARN] ModelIntegratedComponent:63 - No mode defined for component null
2023-07-11 20:28:21,633 [WARN] ModelIntegratedComponent:63 - No mode defined for component null
2023-07-11 20:28:21,633 [WARN] ModelIntegratedComponent:63 - No mode defined for component null
2023-07-11 20:28:21,633 [WARN] ModelIntegratedComponent:63 - No mode defined for component null
2023-07-11 20:28:21,633 [WARN] ModelIntegratedComponent:63 - No mode defined for component null
2023-07-11 20:28:21,633 [WARN] ModelIntegratedComponent:63 - No mode defined for component null
2023-07-11 20:28:21,633 [WARN] ModelIntegratedComponent:63 - No mode defined for component null
2023-07-11 20:28:21,633 [WARN] ModelIntegratedComponent:63 - No mode defined for component null
2023-07-11 20:28:21,633 [WARN] ModelIntegratedComponent:63 - No mode defined for component null
2023-07-11 20:28:21,634 [WARN] ModelIntegratedComponent:63 - No mode defined for component null
2023-07-11 20:28:21,634 [WARN] ModelIntegratedComponent:63 - No mode defined for component null
2023-07-11 20:28:21,634 [WARN] ModelIntegratedComponent:63 - No mode defined for component null
2023-07-11 20:28:21,634 [WARN] ModelIntegratedComponent:63 - No mode defined for component null
2023-07-11 20:28:21,634 [WARN] ModelIntegratedComponent:63 - No mode defined for component null
2023-07-11 20:28:21,634 [WARN] ModelIntegratedComponent:63 - No mode defined for component null
2023-07-11 20:28:21,634 [WARN] ModelIntegratedComponent:63 - No mode defined for component null
2023-07-11 20:28:21,634 [WARN] ModelIntegratedComponent:63 - No mode defined for component null
2023-07-11 20:28:21,634 [WARN] ModelIntegratedComponent:63 - No mode defined for component null
2023-07-11 20:28:21,634 [WARN] ModelIntegratedComponent:63 - No mode defined for component null
2023-07-11 20:28:21,634 [WARN] ModelIntegratedComponent:63 - No mode defined for component null
2023-07-11 20:28:21,634 [WARN] ModelIntegratedComponent:63 - No mode defined for component null
2023-07-11 20:28:21,634 [WARN] ModelIntegratedComponent:63 - No mode defined for component null
2023-07-11 20:28:21,634 [WARN] ModelIntegratedComponent:63 - No mode defined for component null
2023-07-11 20:28:21,634 [WARN] ModelIntegratedComponent:63 - No mode defined for component null
2023-07-11 20:28:21,634 [WARN] ModelIntegratedComponent:63 - No mode defined for component null
2023-07-11 20:28:21,634 [WARN] ModelIntegratedComponent:63 - No mode defined for component null
2023-07-11 20:28:21,635 [WARN] ModelIntegratedComponent:63 - No mode defined for component null
2023-07-11 20:28:21,635 [WARN] ModelIntegratedComponent:63 - No mode defined for component null
2023-07-11 20:28:21,635 [WARN] ModelIntegratedComponent:63 - No mode defined for component null
2023-07-11 20:28:21,654 [INFO] ThirdPartyModel:298 - Start build external matchings
2023-07-11 20:28:21,786 [INFO] ThirdPartyModel:316 - End build external matchings
2023-07-11 20:28:22,132 [INFO] UtilMem:75 - End LoadConfig() Used Memory: 199459704 Bytes (342884352)
2023-07-11 20:28:22,238 [INFO] ApiDb:581 - Connected to CubeFinder SQLite database (C:\Users\sande\.stmcufinder\plugins\mcufinder\mcu\cube-finder-db.db)
2023-07-11 20:28:22,313 [INFO] ApiDb:668 - CubeFinder database Data Model version=2.1
2023-07-11 20:28:22,313 [INFO] ApiDb:669 - CubeFinder database Configuration version=3.0.35
2023-07-11 20:28:22,313 [INFO] ApiDb:670 - CubeFinder database generation date=2023-05-12 (1683877179)
2023-07-11 20:28:22,313 [INFO] ApiDb:671 - CubeFinder database FW Pack versions=[FP-ATR-ASTRA1_V2.0.0, FP-SNS-FLIGHT1_V5.0.0, FP-SNS-MOTENV1_V4.3.0, STM32Cube_FW_C0_V1.0.1, STM32Cube_FW_F0_V1.11.4, STM32Cube_FW_F3_V1.11.4, STM32Cube_FW_F4_V1.27.1, STM32Cube_FW_F7_V1.17.0, STM32Cube_FW_G0_V1.6.1, STM32Cube_FW_G4_V1.5.1, STM32Cube_FW_H5_V0.5.1, STM32Cube_FW_H5_V1.0.0, STM32Cube_FW_H7_V1.11.0, STM32Cube_FW_L0_V1.12.2, STM32Cube_FW_L5_V1.5.0, STM32Cube_FW_U5_V1.2.0, STM32Cube_FW_WBA_V1.0.0, STM32Cube_FW_WBA_V1.0.0RC1, STM32Cube_FW_WBA_V1.0.0RC3, STM32Cube_FW_WB_V1.15.0RC1, STM32Cube_FW_WB_V1.16.0, STM32Cube_FW_WB_V1.16.0RC2, STM32Cube_FW_WL_V1.3.0, X-CUBE-ALGOBUILD_V1.3.0, X-CUBE-ALS_V1.0.1, X-CUBE-AZRTOS-F4_V1.1.0, X-CUBE-AZRTOS-F7_V1.1.0, X-CUBE-AZRTOS-G0_V1.1.0, X-CUBE-AZRTOS-G4_V2.0.0, X-CUBE-AZRTOS-H7_V3.1.0, X-CUBE-AZRTOS-L4_V1.0.0, X-CUBE-AZRTOS-L5_V1.1.0, X-CUBE-AZRTOS-WB_V1.1.0, X-CUBE-AZRTOS-WL_V1.0.0, X-CUBE-BLE1_V6.2.4, X-CUBE-BLE2_V3.3.0, X-CUBE-BLEMGR_V2.0.0, X-CUBE-EEPRMA1_V4.1.0, X-CUBE-FREERTOS_V1.0.1, X-CUBE-GNSS1_V6.0.0, X-CUBE-MEMS1_V9.1.0, X-CUBE-MEMS1_V9.4.0, X-CUBE-MEMS1_V9.6.0, X-CUBE-NFC4_V3.0.0, X-CUBE-NFC7_V1.0.0, X-CUBE-SFXS2LP1_V4.0.0, X-CUBE-SUBG2_V5.0.0]
2023-07-11 20:28:24,451 [INFO] ApiDb:240 - Found 297 in-development CPN: [B-G473E-ZEST1S, B-WB1M-WPAN1, B-WL5M-SUBG1, NUCLEO-C031C6, NUCLEO-H503RB, NUCLEO-H563ZI, NUCLEO-U545RE-Q, NUCLEO-U5A5ZJ-Q, NUCLEO-WBA52CG, STEVAL-PROTEUS1, STEVAL-STWINBX1, STM320518-EVAL, STM32C0116-DK, STM32C011D6Y3TR, STM32C011D6Y6TR, STM32C011F4P3, STM32C011F4P6, STM32C011F4U3, STM32C011F4U6TR, STM32C011F6P3, STM32C011F6P6, STM32C011F6U3, STM32C011F6U6TR, STM32C011J4M3, STM32C011J4M6, STM32C011J6M3, STM32C011J6M6, STM32C0316-DK, STM32C031C4T3, STM32C031C4T6, STM32C031C4U3, STM32C031C4U6, STM32C031C6T3, STM32C031C6T6, STM32C031C6U3, STM32C031C6U6, STM32C031F4P3, STM32C031F4P6, STM32C031F6P3, STM32C031F6P6, STM32C031G4U3, STM32C031G4U6, STM32C031G6U3, STM32C031G6U6, STM32C031K4T3, STM32C031K4T6, STM32C031K4U3, STM32C031K4U6, STM32C031K6T3, STM32C031K6T6, STM32C031K6U3, STM32C031K6U6, STM32G071K8TXN, STM32G071K8UXN, STM32G081GBU6N, STM32G081KBT6N, STM32G081KBUXN, STM32G0B1CCT6N, STM32G0B1KCT6, STM32G0B1NEY6TR, STM32G0B1RCT6N, STM32G0C1CCT6, STM32G0C1CCT6N, STM32G0C1CCU6N, STM32G0C1CET6N, STM32G0C1CEU6N, STM32G0C1KCT6, STM32G0C1NEY6TR, STM32G0C1RCI6N, STM32G0C1RCT6N, STM32G0C1REI6N, STM32G0C1RET6N, STM32G0C1VCI6, STM32G0C1VEI6, STM32G471CCT6, STM32G471CCU6, STM32G471CET3, STM32G471CET6, STM32G471CEU3, STM32G471CEU6, STM32G471MCT6, STM32G471MET3, STM32G471MET6, STM32G471MEY6TR, STM32G471QCT6, STM32G471QET3, STM32G471RCT6, STM32G471RET3, STM32G471RET6, STM32G471VCH6, STM32G471VCI6, STM32G471VCT6, STM32G471VEH3, STM32G471VEH6, STM32G471VEI3, STM32G471VEI6, STM32G471VET3, STM32G471VET6, STM32G474CCT6, STM32H503CBT6, STM32H503CBU6, STM32H503EBY6TR, STM32H503KBU6, STM32H503RBT6, STM32H562AGI6, STM32H562AII6, STM32H562IGK6, STM32H562IGT6, STM32H562IIK6, STM32H562IIT6, STM32H562RGT6, STM32H562RGV6, STM32H562RIT6, STM32H562RIV6, STM32H562VGT6, STM32H562VIT6, STM32H562ZGT6, STM32H562ZIT6, STM32H563AGI6, STM32H563AII3Q, STM32H563AII6, STM32H563IGK6, STM32H563IGT6, STM32H563IIK3Q, STM32H563IIK6, STM32H563IIT3Q, STM32H563IIT6, STM32H563MIY3QTR, STM32H563RGT6, STM32H563RGV6, STM32H563RIT6, STM32H563RIV6, STM32H563VGT6, STM32H563VIT3Q, STM32H563VIT6, STM32H563ZGT6, STM32H563ZIT3Q, STM32H563ZIT6, STM32H573AII3Q, STM32H573AII6, STM32H573I-DK, STM32H573IIK3Q, STM32H573IIK6, STM32H573IIT3Q, STM32H573IIT6, STM32H573MIY3QTR, STM32H573RIT6, STM32H573RIV6, STM32H573VIT3Q, STM32H573VIT6, STM32H573ZIT3Q, STM32H573ZIT6, STM32L4R5QGI6STR, STM32MP131AAE3, STM32MP131AAF3, STM32MP131AAG3, STM32MP131CAE3, STM32MP131CAF3, STM32MP131CAG3, STM32MP131DAE7, STM32MP131DAF7, STM32MP131DAG7, STM32MP131FAE7, STM32MP131FAF7, STM32MP131FAG7, STM32MP133AAE3, STM32MP133AAF3, STM32MP133AAG3, STM32MP133CAE3, STM32MP133CAF3, STM32MP133CAG3, STM32MP133DAE7, STM32MP133DAF7, STM32MP133DAG7, STM32MP133FAE7, STM32MP133FAF7, STM32MP133FAG7, STM32MP135AAE3, STM32MP135AAF3, STM32MP135AAG3, STM32MP135CAE3, STM32MP135CAF3, STM32MP135CAG3, STM32MP135DAE7, STM32MP135DAF7, STM32MP135DAG7, STM32MP135F-DK, STM32MP135FAE7, STM32MP135FAF7, STM32MP135FAF7T, STM32MP135FAF7U, STM32MP135FAG7, STM32U535CBT6, STM32U535CBT6Q, STM32U535CBU6, STM32U535CBU6Q, STM32U535CCT6, STM32U535CCT6Q, STM32U535CCU6, STM32U535CCU6Q, STM32U535CET6, STM32U535CET6Q, STM32U535CEU6, STM32U535CEU6Q, STM32U535JEY6QTR, STM32U535NCY6QTR, STM32U535NEY6QTR, STM32U535RBI6, STM32U535RBI6Q, STM32U535RBT6, STM32U535RBT6Q, STM32U535RCI6, STM32U535RCI6Q, STM32U535RCT6, STM32U535RCT6Q, STM32U535REI6, STM32U535REI6Q, STM32U535RET6, STM32U535RET6Q, STM32U535VCI6, STM32U535VCI6Q, STM32U535VCT6, STM32U535VCT6Q, STM32U535VEI6, STM32U535VEI6Q, STM32U535VET6, STM32U535VET6Q, STM32U545CET6, STM32U545CET6Q, STM32U545CEU6, STM32U545CEU6Q, STM32U545JEY6QTR, STM32U545NEY6QTR, STM32U545REI6, STM32U545REI6Q, STM32U545RET6, STM32U545RET6Q, STM32U545VEI6, STM32U545VEI6Q, STM32U545VET6, STM32U545VET6Q, STM32U595AIH6, STM32U595AIH6Q, STM32U595AJH6, STM32U595AJH6Q, STM32U595QII6, STM32U595QII6Q, STM32U595QJI6, STM32U595QJI6Q, STM32U595RIT6, STM32U595RIT6Q, STM32U595RJT6, STM32U595RJT6Q, STM32U595VIT6, STM32U595VIT6Q, STM32U595VJT6, STM32U595VJT6Q, STM32U595ZIT6, STM32U595ZIT6Q, STM32U595ZIY6QTR, STM32U595ZJT6, STM32U595ZJT6Q, STM32U595ZJY6QTR, STM32U599BJY6QTR, STM32U599NIH6Q, STM32U599NJH6Q, STM32U599VIT6Q, STM32U599VJT6, STM32U599VJT6Q, STM32U599ZIT6Q, STM32U599ZIY6QTR, STM32U599ZJT6Q, STM32U599ZJY6QTR, STM32U5A5AJH6, STM32U5A5AJH6Q, STM32U5A5QJI6, STM32U5A5QJI6Q, STM32U5A5RJT6, STM32U5A5RJT6Q, STM32U5A5VJT6, STM32U5A5VJT6Q, STM32U5A5ZJT6, STM32U5A5ZJT6Q, STM32U5A5ZJY6QTR, STM32U5A9BJY6QTR, STM32U5A9J-DK, STM32U5A9NJH6Q, STM32U5A9VJT6Q, STM32U5A9ZJT6Q, STM32U5A9ZJY6QTR, STM32WB1MMCH6, STM32WBA52CEU6, STM32WBA52CEU6T, STM32WBA52CGU6, STM32WBA52CGU6T, STM32WL5MOCH6, STM32WL5MOCH6TR]
2023-07-11 20:28:24,455 [INFO] DbMcus:216 - Found 3775 MCUs, 3775 are supported
2023-07-11 20:28:24,458 [INFO] ApiDb:423 - Load user favorites file C:\Users\sande/.stm32cubeide/favorites.mcus.txt: 0 item(s)
2023-07-11 20:28:24,459 [INFO] ApiDb:427 - User favorites MCUs=[]
2023-07-11 20:28:24,459 [INFO] DbMcus:222 - Set 0 / 0 favorites MCUs
2023-07-11 20:28:24,848 [WARN] ThirdParty:833 - waiting for thirdparty lock release [change project]
2023-07-11 20:28:24,848 [INFO] ThirdParty:835 - entering critical section [change project]
2023-07-11 20:28:24,849 [INFO] ThirdParty:1030 - CMSIS Pack Vendor :STMicroelectronics X-CUBE-ISPU 1.1.0
2023-07-11 20:28:24,849 [INFO] ThirdParty:1030 - CMSIS Pack Vendor :STMicroelectronics X-CUBE-GNSS1 6.0.0
2023-07-11 20:28:24,849 [INFO] ThirdParty:1030 - CMSIS Pack Vendor :STMicroelectronics USB_HOST 2.0.0
2023-07-11 20:28:24,849 [INFO] ThirdParty:1030 - CMSIS Pack Vendor :STMicroelectronics X-CUBE-AZRTOS-F4 1.1.0
2023-07-11 20:28:24,849 [INFO] ThirdParty:1030 - CMSIS Pack Vendor :STMicroelectronics LIBJPEG 8.0.0
2023-07-11 20:28:24,849 [INFO] ThirdParty:1030 - CMSIS Pack Vendor :STMicroelectronics X-CUBE-SMBUS 2.1.0
2023-07-11 20:28:24,849 [INFO] ThirdParty:1030 - CMSIS Pack Vendor :wolfSSL I-CUBE-wolfSSL 5.6.0
2023-07-11 20:28:24,849 [INFO] ThirdParty:1030 - CMSIS Pack Vendor :STMicroelectronics USB_DEVICE 3.0.0
2023-07-11 20:28:24,849 [INFO] ThirdParty:1030 - CMSIS Pack Vendor :STMicroelectronics X-CUBE-FREERTOS 1.0.1
2023-07-11 20:28:24,849 [INFO] ThirdParty:1030 - CMSIS Pack Vendor :STMicroelectronics X-CUBE-AZRTOS-F7 1.1.0
2023-07-11 20:28:24,849 [INFO] ThirdParty:1030 - CMSIS Pack Vendor :STMicroelectronics X-CUBE-TOUCHGFX 4.21.4
2023-07-11 20:28:24,849 [INFO] ThirdParty:1030 - CMSIS Pack Vendor :STMicroelectronics USB_DEVICE 2.0.0
2023-07-11 20:28:24,849 [INFO] ThirdParty:1030 - CMSIS Pack Vendor :STMicroelectronics X-CUBE-MEMS1 9.6.0
2023-07-11 20:28:24,849 [INFO] ThirdParty:1030 - CMSIS Pack Vendor :STMicroelectronics FP-SNS-MOTENV1 4.3.2
2023-07-11 20:28:24,849 [INFO] ThirdParty:1030 - CMSIS Pack Vendor :STMicroelectronics FP-SNS-MOTENV1 4.3.1
2023-07-11 20:28:24,849 [INFO] ThirdParty:1030 - CMSIS Pack Vendor :STMicroelectronics FP-SNS-FLIGHT1 5.0.1
2023-07-11 20:28:24,849 [INFO] ThirdParty:1030 - CMSIS Pack Vendor :STMicroelectronics X-CUBE-ALGOBUILD 1.3.0
2023-07-11 20:28:24,850 [INFO] ThirdParty:1030 - CMSIS Pack Vendor :STMicroelectronics X-CUBE-BLE1 6.2.4
2023-07-11 20:28:24,850 [INFO] ThirdParty:1030 - CMSIS Pack Vendor :STMicroelectronics X-CUBE-AZRTOS-L5 1.1.0
2023-07-11 20:28:24,850 [INFO] ThirdParty:1030 - CMSIS Pack Vendor :STMicroelectronics FreeRTOS 0.0.1
2023-07-11 20:28:24,850 [INFO] ThirdParty:1030 - CMSIS Pack Vendor :STMicroelectronics X-CUBE-AZRTOS-G0 1.1.0
2023-07-11 20:28:24,850 [INFO] ThirdParty:1030 - CMSIS Pack Vendor :emotas I-CUBE-CANOPEN 1.1.3
2023-07-11 20:28:24,850 [INFO] ThirdParty:1030 - CMSIS Pack Vendor :STMicroelectronics X-CUBE-BLEMGR 2.0.0
2023-07-11 20:28:24,850 [INFO] ThirdParty:1030 - CMSIS Pack Vendor :STMicroelectronics X-CUBE-AI 8.0.1
2023-07-11 20:28:24,850 [INFO] ThirdParty:1030 - CMSIS Pack Vendor :STMicroelectronics X-CUBE-NFC4 3.0.0
2023-07-11 20:28:24,850 [INFO] ThirdParty:1030 - CMSIS Pack Vendor :STMicroelectronics X-CUBE-SUBG2 5.0.0
2023-07-11 20:28:24,850 [INFO] ThirdParty:1030 - CMSIS Pack Vendor :STMicroelectronics STM32_WPAN 1.0.0
2023-07-11 20:28:24,851 [INFO] ThirdParty:1030 - CMSIS Pack Vendor :STMicroelectronics lwIP 2.0.3
2023-07-11 20:28:24,851 [INFO] ThirdParty:1030 - CMSIS Pack Vendor :STMicroelectronics USB_HOST 1.0.0
2023-07-11 20:28:24,851 [INFO] ThirdParty:1030 - CMSIS Pack Vendor :STMicroelectronics X-CUBE-AZRTOS-G4 2.0.0
2023-07-11 20:28:24,851 [INFO] ThirdParty:1030 - CMSIS Pack Vendor :STMicroelectronics PDM2PCM 3.1.0
2023-07-11 20:28:24,851 [INFO] ThirdParty:1030 - CMSIS Pack Vendor :STMicroelectronics X-CUBE-AZRTOS-H7 3.1.0
2023-07-11 20:28:24,851 [INFO] ThirdParty:1030 - CMSIS Pack Vendor :STMicroelectronics X-CUBE-TOF1 3.3.0
2023-07-11 20:28:24,851 [INFO] ThirdParty:1030 - CMSIS Pack Vendor :STMicroelectronics PDM2PCM 3.3.0
2023-07-11 20:28:24,851 [INFO] ThirdParty:1030 - CMSIS Pack Vendor :STMicroelectronics X-CUBE-DISPLAY 3.0.0
2023-07-11 20:28:24,851 [INFO] ThirdParty:1030 - CMSIS Pack Vendor :STMicroelectronics FP-ATR-SIGFOX1 3.2.0
2023-07-11 20:28:24,851 [INFO] ThirdParty:1030 - CMSIS Pack Vendor :STMicroelectronics HAL Drivers 0.0.0
2023-07-11 20:28:24,851 [INFO] ThirdParty:1030 - CMSIS Pack Vendor :STMicroelectronics MBEDTLS 2.16.2
2023-07-11 20:28:24,851 [INFO] ThirdParty:1030 - CMSIS Pack Vendor :STMicroelectronics X-CUBE-TOUCHGFX 4.22.0
2023-07-11 20:28:24,851 [INFO] ThirdParty:1030 - CMSIS Pack Vendor :STMicroelectronics X-CUBE-NFC7 1.0.1
2023-07-11 20:28:24,851 [INFO] ThirdParty:1030 - CMSIS Pack Vendor :STMicroelectronics MBEDTLS 2.14.1
2023-07-11 20:28:24,851 [INFO] ThirdParty:1030 - CMSIS Pack Vendor :STMicroelectronics X-CUBE-EEPRMA1 4.1.0
2023-07-11 20:28:24,852 [INFO] ThirdParty:1030 - CMSIS Pack Vendor :portGmbH I-Cube-SoM-uGOAL 1.1.0
2023-07-11 20:28:24,852 [INFO] ThirdParty:1030 - CMSIS Pack Vendor :STMicroelectronics X-CUBE-ALS 1.0.1
2023-07-11 20:28:24,852 [INFO] ThirdParty:1030 - CMSIS Pack Vendor :STMicroelectronics ThreadX 1.0.0
2023-07-11 20:28:24,852 [INFO] ThirdParty:1030 - CMSIS Pack Vendor :STMicroelectronics X-CUBE-AZRTOS-WB 1.1.0
2023-07-11 20:28:24,852 [INFO] ThirdParty:1030 - CMSIS Pack Vendor :STMicroelectronics X-CUBE-AZRTOS-WL 2.0.0
2023-07-11 20:28:24,852 [INFO] ThirdParty:1030 - CMSIS Pack Vendor :SEGGER I-CUBE-embOS 1.3.1
2023-07-11 20:28:24,852 [INFO] ThirdParty:1030 - CMSIS Pack Vendor :STMicroelectronics USB_DEVICE 1.0.0
2023-07-11 20:28:24,852 [INFO] ThirdParty:1030 - CMSIS Pack Vendor :STMicroelectronics X-CUBE-AZRTOS-L4 2.0.0
2023-07-11 20:28:24,852 [INFO] ThirdParty:1030 - CMSIS Pack Vendor :STMicroelectronics ThreadX 0.0.2
2023-07-11 20:28:24,852 [INFO] ThirdParty:1030 - CMSIS Pack Vendor :WES I-CUBE-Cesium 1.3.0
2023-07-11 20:28:24,852 [INFO] ThirdParty:1030 - CMSIS Pack Vendor :STMicroelectronics FP-ATR-ASTRA1 2.0.0
2023-07-11 20:28:24,852 [INFO] ThirdParty:1030 - CMSIS Pack Vendor :STMicroelectronics lwIP 2.1.2
2023-07-11 20:28:24,853 [INFO] ThirdParty:1030 - CMSIS Pack Vendor :STMicroelectronics X-CUBE-SFXS2LP1 4.0.0
2023-07-11 20:28:24,853 [INFO] ThirdParty:1030 - CMSIS Pack Vendor :STMicroelectronics X-CUBE-BLE2 3.3.0
2023-07-11 20:28:24,853 [INFO] ThirdParty:1030 - CMSIS Pack Vendor :STMicroelectronics PDM2PCM 3.2.0
2023-07-11 20:28:24,853 [INFO] ThirdParty:841 - exiting critical section [change project]
2023-07-11 20:28:25,194 [INFO] PinOutPanel:1499 - setPackage(No Configuration,No Configuration)
2023-07-11 20:28:25,195 [INFO] PinOutPanel:1499 - setPackage(STM32F407VETx,LQFP100)
2023-07-11 20:28:25,666 [INFO] UtilMem:75 - Before build in PCC Used Memory: 226559648 Bytes (342884352)
2023-07-11 20:28:26,436 [INFO] UtilMem:75 - After build in PCC Used Memory: 256847472 Bytes (342884352)
2023-07-11 20:28:26,528 [INFO] ApiDbMcu:507 - Load IP Config File for FATFS
2023-07-11 20:28:26,574 [INFO] IPUIPlugin:80 - create IPUIPlugin
2023-07-11 20:28:26,574 [INFO] IPUIPlugin:80 - create IPUIPlugin
2023-07-11 20:28:26,575 [INFO] IPUIPlugin:80 - create IPUIPlugin
2023-07-11 20:28:26,575 [INFO] IPUIPlugin:80 - create IPUIPlugin
2023-07-11 20:28:26,575 [INFO] IPUIPlugin:80 - create IPUIPlugin
2023-07-11 20:28:26,575 [INFO] IPUIPlugin:80 - create IPUIPlugin
2023-07-11 20:28:26,576 [INFO] IPUIPlugin:80 - create IPUIPlugin
2023-07-11 20:28:26,576 [INFO] IPUIPlugin:80 - create IPUIPlugin
2023-07-11 20:28:26,576 [INFO] IPUIPlugin:80 - create IPUIPlugin
2023-07-11 20:28:26,576 [INFO] IPUIPlugin:80 - create IPUIPlugin
2023-07-11 20:28:26,577 [INFO] IPUIPlugin:80 - create IPUIPlugin
2023-07-11 20:28:26,577 [INFO] IPUIPlugin:80 - create IPUIPlugin
2023-07-11 20:28:26,577 [INFO] IPUIPlugin:80 - create IPUIPlugin
2023-07-11 20:28:26,578 [INFO] IPUIPlugin:80 - create IPUIPlugin
2023-07-11 20:28:26,579 [INFO] IPUIPlugin:80 - create IPUIPlugin
2023-07-11 20:28:26,579 [INFO] IPUIPlugin:80 - create IPUIPlugin
2023-07-11 20:28:26,580 [INFO] IPUIPlugin:80 - create IPUIPlugin
2023-07-11 20:28:26,580 [INFO] IPUIPlugin:80 - create IPUIPlugin
2023-07-11 20:28:26,580 [INFO] IPUIPlugin:80 - create IPUIPlugin
2023-07-11 20:28:26,581 [INFO] IPUIPlugin:80 - create IPUIPlugin
2023-07-11 20:28:26,581 [INFO] IPUIPlugin:80 - create IPUIPlugin
2023-07-11 20:28:26,582 [INFO] IPUIPlugin:80 - create IPUIPlugin
2023-07-11 20:28:26,583 [INFO] IPUIPlugin:80 - create IPUIPlugin
2023-07-11 20:28:26,584 [INFO] IPUIPlugin:80 - create IPUIPlugin
2023-07-11 20:28:26,584 [INFO] IPUIPlugin:80 - create IPUIPlugin
2023-07-11 20:28:26,585 [INFO] IPUIPlugin:80 - create IPUIPlugin
2023-07-11 20:28:26,585 [INFO] IPUIPlugin:80 - create IPUIPlugin
2023-07-11 20:28:26,585 [INFO] IPUIPlugin:80 - create IPUIPlugin
2023-07-11 20:28:26,586 [INFO] IPUIPlugin:80 - create IPUIPlugin
2023-07-11 20:28:26,586 [INFO] IPUIPlugin:80 - create IPUIPlugin
2023-07-11 20:28:26,586 [INFO] IPUIPlugin:80 - create IPUIPlugin
2023-07-11 20:28:26,586 [INFO] IPUIPlugin:80 - create IPUIPlugin
2023-07-11 20:28:26,587 [INFO] IPUIPlugin:80 - create IPUIPlugin
2023-07-11 20:28:26,587 [INFO] IPUIPlugin:80 - create IPUIPlugin
2023-07-11 20:28:26,588 [INFO] IPUIPlugin:80 - create IPUIPlugin
2023-07-11 20:28:26,588 [INFO] IPUIPlugin:80 - create IPUIPlugin
2023-07-11 20:28:26,588 [INFO] IPUIPlugin:80 - create IPUIPlugin
2023-07-11 20:28:26,589 [INFO] IPUIPlugin:80 - create IPUIPlugin
2023-07-11 20:28:26,589 [INFO] IPUIPlugin:80 - create IPUIPlugin
2023-07-11 20:28:26,589 [INFO] IPUIPlugin:80 - create IPUIPlugin
2023-07-11 20:28:26,590 [INFO] IPUIPlugin:80 - create IPUIPlugin
2023-07-11 20:28:26,590 [INFO] IPUIPlugin:80 - create IPUIPlugin
2023-07-11 20:28:26,591 [INFO] IPUIPlugin:80 - create IPUIPlugin
2023-07-11 20:28:26,591 [INFO] IPUIPlugin:80 - create IPUIPlugin
2023-07-11 20:28:26,592 [INFO] IPUIPlugin:80 - create IPUIPlugin
2023-07-11 20:28:26,592 [INFO] IPUIPlugin:80 - create IPUIPlugin
2023-07-11 20:28:26,592 [INFO] IPUIPlugin:80 - create IPUIPlugin
2023-07-11 20:28:26,593 [INFO] IPUIPlugin:80 - create IPUIPlugin
2023-07-11 20:28:26,594 [INFO] IPUIPlugin:80 - create IPUIPlugin
2023-07-11 20:28:26,594 [INFO] IPUIPlugin:80 - create IPUIPlugin
2023-07-11 20:28:26,594 [INFO] IPUIPlugin:80 - create IPUIPlugin
2023-07-11 20:28:26,595 [INFO] IPUIPlugin:80 - create IPUIPlugin
2023-07-11 20:28:26,595 [INFO] IPUIPlugin:80 - create IPUIPlugin
2023-07-11 20:28:26,595 [INFO] IPUIPlugin:80 - create IPUIPlugin
2023-07-11 20:28:26,596 [INFO] IPUIPlugin:80 - create IPUIPlugin
2023-07-11 20:28:26,597 [INFO] IPUIPlugin:80 - create IPUIPlugin
2023-07-11 20:28:26,597 [INFO] IPUIPlugin:80 - create IPUIPlugin
2023-07-11 20:28:26,597 [INFO] IPUIPlugin:80 - create IPUIPlugin
2023-07-11 20:28:26,619 [INFO] ApiDbMcu:507 - Load IP Config File for PDM2PCM
2023-07-11 20:28:26,824 [INFO] CADModel:165 - CPN selected for project levelSTM32F407VET6
2023-07-11 20:28:26,824 [INFO] CADModel:114 - Register for checkConnection events
2023-07-11 20:28:26,865 [INFO] OpenFileManager:328 - Restore cursor
2023-07-11 20:33:08,909 [INFO] UtilMem:75 - End SaveConfig() Used Memory: 605412392 Bytes (686817280)
2023-07-11 20:33:09,005 [INFO] UtilMem:75 - End SaveConfig() Used Memory: 545765408 Bytes (686817280)
2023-07-11 20:33:09,467 [INFO] UtilMem:75 - End SaveConfig() Used Memory: 582173440 Bytes (686817280)
2023-07-11 20:33:10,038 [INFO] BlockDiagram:2759 - set Specific Code input for plugin: SPI
2023-07-11 20:33:10,039 [INFO] BlockDiagram:2759 - set Specific Code input for plugin: SDIO
2023-07-11 20:33:10,039 [INFO] BlockDiagram:2759 - set Specific Code input for plugin: RCC
2023-07-11 20:33:10,039 [INFO] BlockDiagram:2759 - set Specific Code input for plugin: NVIC
2023-07-11 20:33:10,039 [INFO] BlockDiagram:2759 - set Specific Code input for plugin: USART
2023-07-11 20:33:10,040 [INFO] BlockDiagram:2759 - set Specific Code input for plugin: GPIO
2023-07-11 20:33:10,040 [INFO] BlockDiagram:2759 - set Specific Code input for plugin: FATFS
2023-07-11 20:33:10,042 [INFO] CodeGenerator:793 - code generatio: config db path: C:\ST\STM32CubeIDE_1.12.1\STM32CubeIDE\plugins\com.st.stm32cube.common.mx_6.8.1.202304191431\\db\
2023-07-11 20:33:10,315 [INFO] CodeEngine:255 - oldGeneratedFile, C:\Users\sande\STM32CubeIDE\SD_CARD\SD_CARD_PROJECT\MXTmpFiles\license.tmp_save
2023-07-11 20:33:10,789 [INFO] CodeEngine:279 - Generated code: C:\Users\sande\STM32CubeIDE\SD_CARD\SD_CARD_PROJECT\MXTmpFiles\license.tmp
2023-07-11 20:33:10,936 [INFO] CodeEngine:255 - oldGeneratedFile, C:\Users\sande\STM32CubeIDE\SD_CARD\SD_CARD_PROJECT\MXTmpFiles\gpio.tmp_save
2023-07-11 20:33:11,146 [INFO] CodeEngine:279 - Generated code: C:\Users\sande\STM32CubeIDE\SD_CARD\SD_CARD_PROJECT\MXTmpFiles\gpio.tmp
2023-07-11 20:33:11,358 [INFO] CodeEngine:255 - oldGeneratedFile, C:\Users\sande\STM32CubeIDE\SD_CARD\SD_CARD_PROJECT\MXTmpFiles\fatfs_HalInit.tmp_save
2023-07-11 20:33:11,459 [INFO] CodeEngine:279 - Generated code: C:\Users\sande\STM32CubeIDE\SD_CARD\SD_CARD_PROJECT\MXTmpFiles\fatfs_HalInit.tmp
2023-07-11 20:33:11,467 [INFO] CodeEngine:255 - oldGeneratedFile, C:\Users\sande\STM32CubeIDE\SD_CARD\SD_CARD_PROJECT\MXTmpFiles\fatfs_vars.tmp_save
2023-07-11 20:33:11,543 [INFO] CodeEngine:279 - Generated code: C:\Users\sande\STM32CubeIDE\SD_CARD\SD_CARD_PROJECT\MXTmpFiles\fatfs_vars.tmp
2023-07-11 20:33:11,552 [INFO] CodeEngine:255 - oldGeneratedFile, C:\Users\sande\STM32CubeIDE\SD_CARD\SD_CARD_PROJECT\MXTmpFiles\fatfs_ext_vars.tmp_save
2023-07-11 20:33:11,630 [INFO] CodeEngine:279 - Generated code: C:\Users\sande\STM32CubeIDE\SD_CARD\SD_CARD_PROJECT\MXTmpFiles\fatfs_ext_vars.tmp
2023-07-11 20:33:11,635 [INFO] CodeEngine:255 - oldGeneratedFile, C:\Users\sande\STM32CubeIDE\SD_CARD\SD_CARD_PROJECT\MXTmpFiles\fatfs_inc.tmp_save
2023-07-11 20:33:11,712 [INFO] CodeEngine:279 - Generated code: C:\Users\sande\STM32CubeIDE\SD_CARD\SD_CARD_PROJECT\MXTmpFiles\fatfs_inc.tmp
2023-07-11 20:33:11,729 [INFO] CodeEngine:255 - oldGeneratedFile, C:\Users\sande\STM32CubeIDE\SD_CARD\SD_CARD_PROJECT\MXTmpFiles\fatfs_HalInit.tmp_save
2023-07-11 20:33:11,804 [INFO] CodeEngine:279 - Generated code: C:\Users\sande\STM32CubeIDE\SD_CARD\SD_CARD_PROJECT\MXTmpFiles\fatfs_HalInit.tmp
2023-07-11 20:33:11,811 [INFO] CodeEngine:255 - oldGeneratedFile, C:\Users\sande\STM32CubeIDE\SD_CARD\SD_CARD_PROJECT\MXTmpFiles\fatfs_vars.tmp_save
2023-07-11 20:33:11,866 [INFO] CodeEngine:279 - Generated code: C:\Users\sande\STM32CubeIDE\SD_CARD\SD_CARD_PROJECT\MXTmpFiles\fatfs_vars.tmp
2023-07-11 20:33:11,874 [INFO] CodeEngine:255 - oldGeneratedFile, C:\Users\sande\STM32CubeIDE\SD_CARD\SD_CARD_PROJECT\MXTmpFiles\fatfs_ext_vars.tmp_save
2023-07-11 20:33:11,925 [INFO] CodeEngine:279 - Generated code: C:\Users\sande\STM32CubeIDE\SD_CARD\SD_CARD_PROJECT\MXTmpFiles\fatfs_ext_vars.tmp
2023-07-11 20:33:11,937 [INFO] CodeEngine:255 - oldGeneratedFile, C:\Users\sande\STM32CubeIDE\SD_CARD\SD_CARD_PROJECT\MXTmpFiles\fatfs_inc.tmp_save
2023-07-11 20:33:11,985 [INFO] CodeEngine:279 - Generated code: C:\Users\sande\STM32CubeIDE\SD_CARD\SD_CARD_PROJECT\MXTmpFiles\fatfs_inc.tmp
2023-07-11 20:33:11,993 [INFO] CodeEngine:255 - oldGeneratedFile, C:\Users\sande\STM32CubeIDE\SD_CARD\SD_CARD_PROJECT\FATFS\Target\ffconf.h_save
2023-07-11 20:33:12,061 [INFO] CodeEngine:279 - Generated code: C:\Users\sande\STM32CubeIDE\SD_CARD\SD_CARD_PROJECT\FATFS\Target\ffconf.h
2023-07-11 20:33:12,068 [INFO] CodeEngine:255 - oldGeneratedFile, C:\Users\sande\STM32CubeIDE\SD_CARD\SD_CARD_PROJECT\FATFS\Target\bsp_driver_sd.c_save
2023-07-11 20:33:12,115 [INFO] CodeEngine:279 - Generated code: C:\Users\sande\STM32CubeIDE\SD_CARD\SD_CARD_PROJECT\FATFS\Target\bsp_driver_sd.c
2023-07-11 20:33:12,120 [INFO] CodeEngine:255 - oldGeneratedFile, C:\Users\sande\STM32CubeIDE\SD_CARD\SD_CARD_PROJECT\FATFS\Target\bsp_driver_sd.h_save
2023-07-11 20:33:12,163 [INFO] CodeEngine:279 - Generated code: C:\Users\sande\STM32CubeIDE\SD_CARD\SD_CARD_PROJECT\FATFS\Target\bsp_driver_sd.h
2023-07-11 20:33:12,168 [INFO] CodeEngine:255 - oldGeneratedFile, C:\Users\sande\STM32CubeIDE\SD_CARD\SD_CARD_PROJECT\FATFS\Target\sd_diskio.h_save
2023-07-11 20:33:12,226 [INFO] CodeEngine:279 - Generated code: C:\Users\sande\STM32CubeIDE\SD_CARD\SD_CARD_PROJECT\FATFS\Target\sd_diskio.h
2023-07-11 20:33:12,235 [INFO] CodeEngine:255 - oldGeneratedFile, C:\Users\sande\STM32CubeIDE\SD_CARD\SD_CARD_PROJECT\FATFS\Target\sd_diskio.c_save
2023-07-11 20:33:12,292 [INFO] CodeEngine:279 - Generated code: C:\Users\sande\STM32CubeIDE\SD_CARD\SD_CARD_PROJECT\FATFS\Target\sd_diskio.c
2023-07-11 20:33:12,297 [INFO] CodeEngine:255 - oldGeneratedFile, C:\Users\sande\STM32CubeIDE\SD_CARD\SD_CARD_PROJECT\FATFS\App\fatfs.c_save
2023-07-11 20:33:12,345 [INFO] CodeEngine:279 - Generated code: C:\Users\sande\STM32CubeIDE\SD_CARD\SD_CARD_PROJECT\FATFS\App\fatfs.c
2023-07-11 20:33:12,350 [INFO] CodeEngine:255 - oldGeneratedFile, C:\Users\sande\STM32CubeIDE\SD_CARD\SD_CARD_PROJECT\FATFS\App\fatfs.h_save
2023-07-11 20:33:12,400 [INFO] CodeEngine:279 - Generated code: C:\Users\sande\STM32CubeIDE\SD_CARD\SD_CARD_PROJECT\FATFS\App\fatfs.h
2023-07-11 20:33:12,408 [INFO] CodeEngine:255 - oldGeneratedFile, C:\Users\sande\STM32CubeIDE\SD_CARD\SD_CARD_PROJECT\FATFS\Target\fatfs_platform.c_save
2023-07-11 20:33:12,486 [INFO] CodeEngine:279 - Generated code: C:\Users\sande\STM32CubeIDE\SD_CARD\SD_CARD_PROJECT\FATFS\Target\fatfs_platform.c
2023-07-11 20:33:12,491 [INFO] CodeEngine:255 - oldGeneratedFile, C:\Users\sande\STM32CubeIDE\SD_CARD\SD_CARD_PROJECT\FATFS\Target\fatfs_platform.h_save
2023-07-11 20:33:12,543 [INFO] CodeEngine:279 - Generated code: C:\Users\sande\STM32CubeIDE\SD_CARD\SD_CARD_PROJECT\FATFS\Target\fatfs_platform.h
2023-07-11 20:33:12,557 [INFO] CodeEngine:255 - oldGeneratedFile, C:\Users\sande\STM32CubeIDE\SD_CARD\SD_CARD_PROJECT\Core\Src\stm32f4xx_it.c_save
2023-07-11 20:33:12,642 [INFO] CodeEngine:279 - Generated code: C:\Users\sande\STM32CubeIDE\SD_CARD\SD_CARD_PROJECT\Core\Src\stm32f4xx_it.c
2023-07-11 20:33:12,650 [INFO] CodeEngine:255 - oldGeneratedFile, C:\Users\sande\STM32CubeIDE\SD_CARD\SD_CARD_PROJECT\Core\Inc\stm32f4xx_it.h_save
2023-07-11 20:33:12,732 [INFO] CodeEngine:279 - Generated code: C:\Users\sande\STM32CubeIDE\SD_CARD\SD_CARD_PROJECT\Core\Inc\stm32f4xx_it.h
2023-07-11 20:33:12,763 [INFO] CodeEngine:255 - oldGeneratedFile, C:\Users\sande\STM32CubeIDE\SD_CARD\SD_CARD_PROJECT\Core\Src\stm32f4xx_hal_msp.c_save
2023-07-11 20:33:12,895 [INFO] CodeEngine:279 - Generated code: C:\Users\sande\STM32CubeIDE\SD_CARD\SD_CARD_PROJECT\Core\Src\stm32f4xx_hal_msp.c
2023-07-11 20:33:12,904 [INFO] CodeEngine:255 - oldGeneratedFile, C:\Users\sande\STM32CubeIDE\SD_CARD\SD_CARD_PROJECT\MXTmpFiles\system.tmp_save
2023-07-11 20:33:12,945 [INFO] CodeEngine:279 - Generated code: C:\Users\sande\STM32CubeIDE\SD_CARD\SD_CARD_PROJECT\MXTmpFiles\system.tmp
2023-07-11 20:33:12,958 [INFO] CodeEngine:311 - oldGeneratedFile, C:\Users\sande\STM32CubeIDE\SD_CARD\SD_CARD_PROJECT\Core\Inc\stm32f4xx_hal_conf.h_save
2023-07-11 20:33:13,016 [INFO] CodeEngine:335 - Generated code: C:\Users\sande\STM32CubeIDE\SD_CARD\SD_CARD_PROJECT\Core\Inc\stm32f4xx_hal_conf.h
2023-07-11 20:33:13,047 [INFO] CodeEngine:255 - oldGeneratedFile, C:\Users\sande\STM32CubeIDE\SD_CARD\SD_CARD_PROJECT\Core\Inc\main.h_save
2023-07-11 20:33:13,105 [INFO] CodeEngine:279 - Generated code: C:\Users\sande\STM32CubeIDE\SD_CARD\SD_CARD_PROJECT\Core\Inc\main.h
2023-07-11 20:33:13,110 [INFO] CodeEngine:255 - oldGeneratedFile, C:\Users\sande\STM32CubeIDE\SD_CARD\SD_CARD_PROJECT\Core\Src\main.c_save
2023-07-11 20:33:13,202 [INFO] CodeEngine:279 - Generated code: C:\Users\sande\STM32CubeIDE\SD_CARD\SD_CARD_PROJECT\Core\Src\main.c
2023-07-11 20:33:13,799 [INFO] ProjectBuilder:2996 - Time for Copy HAL[1] : 196mS.
2023-07-11 20:33:13,809 [INFO] ProjectBuilder:4304 - Project Generator version: 3.19.2
2023-07-11 20:33:14,086 [INFO] ConfigFileManager:1483 - The Die is : DIE413
2023-07-11 20:33:14,100 [INFO] ApiDbMcu:507 - Load IP Config File for FREERTOS
2023-07-11 20:33:14,102 [INFO] ApiDbMcu:507 - Load IP Config File for LIBJPEG
2023-07-11 20:33:14,126 [INFO] ApiDbMcu:507 - Load IP Config File for LWIP
2023-07-11 20:33:14,131 [INFO] ApiDbMcu:507 - Load IP Config File for MBEDTLS
2023-07-11 20:33:14,137 [INFO] ApiDbMcu:507 - Load IP Config File for USB_DEVICE
2023-07-11 20:33:14,140 [INFO] ApiDbMcu:507 - Load IP Config File for USB_HOST
2023-07-11 20:33:14,786 [INFO] LogOutputStream:77 - [STDOUT_REDIRECT] 
2023-07-11 20:33:15,827 [INFO] ProjectBuilder:4505 - Time for Generating toolchain IDE Files: 2017mS.
2023-07-11 20:33:15,829 [INFO] ProjectBuilder:2867 - Time for Copy CMSIS : 2mS.
2023-07-11 20:33:15,839 [INFO] ProjectBuilder:2867 - Time for Copy CMSIS : 0mS.
