2023-08-30 00:17:47,560 [INFO] UtilMem:75 - End SaveConfig() Used Memory: 652748312 Bytes (1071644672)
2023-08-30 00:17:47,621 [INFO] UtilMem:75 - End SaveConfig() Used Memory: 668909680 Bytes (1071644672)
2023-08-30 00:17:47,914 [INFO] UtilMem:75 - End SaveConfig() Used Memory: 695748648 Bytes (1071644672)
2023-08-30 00:17:48,114 [INFO] BlockDiagram:2759 - set Specific Code input for plugin: SPI
2023-08-30 00:17:48,114 [INFO] BlockDiagram:2759 - set Specific Code input for plugin: NVIC
2023-08-30 00:17:48,114 [INFO] BlockDiagram:2759 - set Specific Code input for plugin: USART
2023-08-30 00:17:48,114 [INFO] BlockDiagram:2759 - set Specific Code input for plugin: SYS
2023-08-30 00:17:48,114 [INFO] BlockDiagram:2759 - set Specific Code input for plugin: GPIO
2023-08-30 00:17:48,114 [INFO] BlockDiagram:2759 - set Specific Code input for plugin: RCC
2023-08-30 00:17:48,115 [INFO] CodeGenerator:793 - code generatio: config db path: C:\ST\STM32CubeIDE_1.12.1\STM32CubeIDE\plugins\com.st.stm32cube.common.mx_6.8.1.202304191431\\db\
2023-08-30 00:17:48,232 [INFO] CodeEngine:255 - oldGeneratedFile, C:\Users\sande\STM32CubeIDE\Nucleo_Receive\Nucleo_Receive\MXTmpFiles\license.tmp_save
2023-08-30 00:17:48,321 [INFO] CodeEngine:279 - Generated code: C:\Users\sande\STM32CubeIDE\Nucleo_Receive\Nucleo_Receive\MXTmpFiles\license.tmp
2023-08-30 00:17:48,334 [INFO] CodeEngine:255 - oldGeneratedFile, C:\Users\sande\STM32CubeIDE\Nucleo_Receive\Nucleo_Receive\MXTmpFiles\gpio.tmp_save
2023-08-30 00:17:48,407 [INFO] CodeEngine:279 - Generated code: C:\Users\sande\STM32CubeIDE\Nucleo_Receive\Nucleo_Receive\MXTmpFiles\gpio.tmp
2023-08-30 00:17:48,446 [INFO] CodeEngine:255 - oldGeneratedFile, C:\Users\sande\STM32CubeIDE\Nucleo_Receive\Nucleo_Receive\Core\Src\stm32f4xx_it.c_save
2023-08-30 00:17:48,560 [INFO] CodeEngine:279 - Generated code: C:\Users\sande\STM32CubeIDE\Nucleo_Receive\Nucleo_Receive\Core\Src\stm32f4xx_it.c
2023-08-30 00:17:48,573 [INFO] CodeEngine:255 - oldGeneratedFile, C:\Users\sande\STM32CubeIDE\Nucleo_Receive\Nucleo_Receive\Core\Inc\stm32f4xx_it.h_save
2023-08-30 00:17:48,623 [INFO] CodeEngine:279 - Generated code: C:\Users\sande\STM32CubeIDE\Nucleo_Receive\Nucleo_Receive\Core\Inc\stm32f4xx_it.h
2023-08-30 00:17:48,634 [INFO] CodeEngine:255 - oldGeneratedFile, C:\Users\sande\STM32CubeIDE\Nucleo_Receive\Nucleo_Receive\Core\Src\stm32f4xx_hal_msp.c_save
2023-08-30 00:17:48,700 [INFO] CodeEngine:279 - Generated code: C:\Users\sande\STM32CubeIDE\Nucleo_Receive\Nucleo_Receive\Core\Src\stm32f4xx_hal_msp.c
2023-08-30 00:17:48,702 [INFO] CodeEngine:255 - oldGeneratedFile, C:\Users\sande\STM32CubeIDE\Nucleo_Receive\Nucleo_Receive\MXTmpFiles\system.tmp_save
2023-08-30 00:17:48,749 [INFO] CodeEngine:279 - Generated code: C:\Users\sande\STM32CubeIDE\Nucleo_Receive\Nucleo_Receive\MXTmpFiles\system.tmp
2023-08-30 00:17:48,760 [INFO] CodeEngine:311 - oldGeneratedFile, C:\Users\sande\STM32CubeIDE\Nucleo_Receive\Nucleo_Receive\Core\Inc\stm32f4xx_hal_conf.h_save
2023-08-30 00:17:48,823 [INFO] CodeEngine:335 - Generated code: C:\Users\sande\STM32CubeIDE\Nucleo_Receive\Nucleo_Receive\Core\Inc\stm32f4xx_hal_conf.h
2023-08-30 00:17:48,851 [INFO] CodeEngine:255 - oldGeneratedFile, C:\Users\sande\STM32CubeIDE\Nucleo_Receive\Nucleo_Receive\Core\Inc\main.h_save
2023-08-30 00:17:48,912 [INFO] CodeEngine:279 - Generated code: C:\Users\sande\STM32CubeIDE\Nucleo_Receive\Nucleo_Receive\Core\Inc\main.h
2023-08-30 00:17:48,922 [INFO] CodeEngine:255 - oldGeneratedFile, C:\Users\sande\STM32CubeIDE\Nucleo_Receive\Nucleo_Receive\Core\Src\main.c_save
2023-08-30 00:17:49,057 [INFO] CodeEngine:279 - Generated code: C:\Users\sande\STM32CubeIDE\Nucleo_Receive\Nucleo_Receive\Core\Src\main.c
2023-08-30 00:17:49,493 [INFO] ProjectBuilder:2996 - Time for Copy HAL[1] : 78mS.
2023-08-30 00:17:49,495 [INFO] ProjectBuilder:4304 - Project Generator version: 3.19.2
2023-08-30 00:17:49,626 [INFO] ConfigFileManager:1483 - The Die is : DIE433
2023-08-30 00:17:50,591 [INFO] ProjectBuilder:4505 - Time for Generating toolchain IDE Files: 1096mS.
2023-08-30 00:17:50,592 [INFO] ProjectBuilder:2867 - Time for Copy CMSIS : 0mS.
2023-08-30 00:17:50,593 [INFO] ProjectBuilder:2867 - Time for Copy CMSIS : 0mS.
2023-08-30 18:17:32,692 [INFO] Activator:176 - 


2023-08-30 18:17:32,697 [INFO] Activator:177 - !SESSION log4j initialized
2023-08-30 18:17:38,597 [INFO] LogOutputStream:77 - [STDOUT_REDIRECT] 
2023-08-30 18:18:01,211 [ERROR] LogOutputStream:75 - [STDERR_REDIRECT] SLF4J: Failed to load class "org.slf4j.impl.StaticLoggerBinder".
2023-08-30 18:18:01,211 [ERROR] LogOutputStream:75 - [STDERR_REDIRECT] SLF4J: Defaulting to no-operation (NOP) logger implementation
2023-08-30 18:18:01,211 [ERROR] LogOutputStream:75 - [STDERR_REDIRECT] SLF4J: See http://www.slf4j.org/codes.html#StaticLoggerBinder for further details.
2023-08-30 23:32:53,837 [INFO] ApplicationProperties:184 - Using Application install path: C:\ST\STM32CubeIDE_1.12.1\STM32CubeIDE\plugins\com.st.stm32cube.common.mx_6.8.1.202304191431
2023-08-30 23:32:53,854 [INFO] DbMcusXml:78 - Set database path to: C:\ST\STM32CubeIDE_1.12.1\STM32CubeIDE\plugins\com.st.stm32cube.common.mx_6.8.1.202304191431\\db\/mcu/
2023-08-30 23:32:53,854 [INFO] ApiDb:274 - Set plugin database path to: C:\ST\STM32CubeIDE_1.12.1\STM32CubeIDE\plugins\com.st.stm32cube.common.mx_6.8.1.202304191431\\db\/plugins/boardmanager/
2023-08-30 23:32:53,854 [WARN] ApiDb:259 - Overriding images path with different value:  => C:\ST\STM32CubeIDE_1.12.1\STM32CubeIDE\plugins\com.st.stm32cube.common.mx_6.8.1.202304191431\\db\/plugins/mcufinder/images/
2023-08-30 23:32:53,867 [INFO] ApiDb:250 - Set database path to: C:\Users\sande\.stmcufinder\plugins\mcufinder//mcu/
2023-08-30 23:32:53,867 [INFO] DbMcusAds:125 - Set database path to: C:\Users\sande\.stmcufinder\plugins\mcufinder//mcu/
2023-08-30 23:32:53,931 [INFO] CrossReferenceDbSqlite:203 - Set database path to: C:\Users\sande\.stmcufinder\plugins\mcufinder//mcu/cs/
2023-08-30 23:32:54,033 [INFO] RulesReader:64 - Compatibility file has been processed (293 Rules)
2023-08-30 23:32:54,087 [INFO] DbMcusXml:78 - Set database path to: C:\ST\STM32CubeIDE_1.12.1\STM32CubeIDE\plugins\com.st.stm32cube.common.mx_6.8.1.202304191431\\db\/mcu/
2023-08-30 23:32:54,087 [INFO] ApiDb:274 - Set plugin database path to: C:\ST\STM32CubeIDE_1.12.1\STM32CubeIDE\plugins\com.st.stm32cube.common.mx_6.8.1.202304191431\\db\/plugins/boardmanager/
2023-08-30 23:32:54,091 [INFO] ApiDb:261 - Set plugin images path to: C:\ST\STM32CubeIDE_1.12.1\STM32CubeIDE\plugins\com.st.stm32cube.common.mx_6.8.1.202304191431\\db\/plugins/mcufinder/images/
2023-08-30 23:32:54,091 [WARN] DbFile:41 - Overriding database path with different value: C:\Users\sande\.stmcufinder\plugins\mcufinder/ => C:\Users\sande\.stmcufinder\plugins\mcufinder
2023-08-30 23:32:54,091 [INFO] ApiDb:250 - Set database path to: C:\Users\sande\.stmcufinder\plugins\mcufinder//mcu/
2023-08-30 23:32:54,091 [WARN] DbFile:41 - Overriding database path with different value: C:\Users\sande\.stmcufinder\plugins\mcufinder/ => C:\Users\sande\.stmcufinder\plugins\mcufinder
2023-08-30 23:32:54,091 [INFO] DbMcusAds:125 - Set database path to: C:\Users\sande\.stmcufinder\plugins\mcufinder//mcu/
2023-08-30 23:32:54,091 [WARN] DbFile:41 - Overriding database path with different value: C:\Users\sande\.stmcufinder\plugins\mcufinder/ => C:\Users\sande\.stmcufinder\plugins\mcufinder
2023-08-30 23:32:54,091 [WARN] DbFile:41 - Overriding database path with different value: C:\Users\sande\.stmcufinder\plugins\mcufinder/ => C:\Users\sande\.stmcufinder\plugins\mcufinder
2023-08-30 23:32:54,091 [INFO] CrossReferenceDbSqlite:203 - Set database path to: C:\Users\sande\.stmcufinder\plugins\mcufinder//mcu/cs/
2023-08-30 23:32:54,146 [INFO] MainPanel:253 - HeapMemory: 680525824
2023-08-30 23:32:54,204 [INFO] DbMcusXml:78 - Set database path to: C:\ST\STM32CubeIDE_1.12.1\STM32CubeIDE\plugins\com.st.stm32cube.common.mx_6.8.1.202304191431\\db\/mcu/
2023-08-30 23:32:54,204 [INFO] ApiDb:274 - Set plugin database path to: C:\ST\STM32CubeIDE_1.12.1\STM32CubeIDE\plugins\com.st.stm32cube.common.mx_6.8.1.202304191431\\db\/plugins/boardmanager/
2023-08-30 23:32:54,204 [INFO] ApiDb:261 - Set plugin images path to: C:\ST\STM32CubeIDE_1.12.1\STM32CubeIDE\plugins\com.st.stm32cube.common.mx_6.8.1.202304191431\\db\/plugins/mcufinder/images/
2023-08-30 23:32:54,209 [WARN] DbFile:41 - Overriding database path with different value: C:\Users\sande\.stmcufinder\plugins\mcufinder/ => C:\Users\sande\.stmcufinder\plugins\mcufinder
2023-08-30 23:32:54,209 [INFO] ApiDb:250 - Set database path to: C:\Users\sande\.stmcufinder\plugins\mcufinder//mcu/
2023-08-30 23:32:54,209 [WARN] DbFile:41 - Overriding database path with different value: C:\Users\sande\.stmcufinder\plugins\mcufinder/ => C:\Users\sande\.stmcufinder\plugins\mcufinder
2023-08-30 23:32:54,209 [INFO] DbMcusAds:125 - Set database path to: C:\Users\sande\.stmcufinder\plugins\mcufinder//mcu/
2023-08-30 23:32:54,209 [WARN] DbFile:41 - Overriding database path with different value: C:\Users\sande\.stmcufinder\plugins\mcufinder/ => C:\Users\sande\.stmcufinder\plugins\mcufinder
2023-08-30 23:32:54,209 [WARN] DbFile:41 - Overriding database path with different value: C:\Users\sande\.stmcufinder\plugins\mcufinder/ => C:\Users\sande\.stmcufinder\plugins\mcufinder
2023-08-30 23:32:54,209 [INFO] CrossReferenceDbSqlite:203 - Set database path to: C:\Users\sande\.stmcufinder\plugins\mcufinder//mcu/cs/
2023-08-30 23:32:54,221 [INFO] ApplicationProperties:184 - Using Application install path: C:\ST\STM32CubeIDE_1.12.1\STM32CubeIDE\plugins\com.st.stm32cube.common.mx_6.8.1.202304191431
2023-08-30 23:32:54,225 [INFO] PluginManage:196 - Search for loadable plugins [exclusion list=, ]
2023-08-30 23:32:54,227 [INFO] PluginManage:310 - Check plugin analytics
2023-08-30 23:32:54,378 [INFO] AnalyticsPlugin:253 - Accepted Software Licenses: 
2023-08-30 23:32:54,378 [INFO] AnalyticsPlugin:255 - Accepted CMSIS Pack Licenses: 
2023-08-30 23:32:54,378 [INFO] AnalyticsPlugin:257 - Accepted Firmware Licenses: FW.F4.1.27.0
2023-08-30 23:32:54,383 [INFO] PluginManage:359 - Loaded plugin analytics (category:tool,tabindex:-1)
2023-08-30 23:32:54,387 [INFO] PluginManage:310 - Check plugin cadmodel
2023-08-30 23:32:54,399 [INFO] CADModel:105 - Init CAD model plugin
2023-08-30 23:32:54,399 [INFO] PluginManage:359 - Loaded plugin cadmodel (category:power,tabindex:5)
2023-08-30 23:32:54,399 [INFO] PluginManage:310 - Check plugin clock
2023-08-30 23:32:54,420 [INFO] PluginManage:359 - Loaded plugin clock (category:base,tabindex:2)
2023-08-30 23:32:54,420 [INFO] PluginManage:310 - Check plugin ddr
2023-08-30 23:32:54,424 [INFO] PluginManage:359 - Loaded plugin ddr (category:tool,tabindex:6)
2023-08-30 23:32:54,424 [INFO] PluginManage:310 - Check plugin filemanager
2023-08-30 23:32:54,543 [INFO] PluginManage:359 - Loaded plugin filemanager (category:base,tabindex:10)
2023-08-30 23:32:54,543 [INFO] PluginManage:310 - Check plugin ipmanager
2023-08-30 23:32:54,552 [INFO] PluginManage:359 - Loaded plugin ipmanager (category:base,tabindex:5)
2023-08-30 23:32:54,552 [INFO] PluginManage:310 - Check plugin lpbam
2023-08-30 23:32:54,572 [INFO] PluginManage:359 - Loaded plugin lpbam (category:base,tabindex:0)
2023-08-30 23:32:54,572 [INFO] PluginManage:310 - Check plugin pinoutandconfiguration
2023-08-30 23:32:54,585 [INFO] PluginManage:359 - Loaded plugin pinoutandconfiguration (category:base,tabindex:1)
2023-08-30 23:32:54,585 [INFO] PluginManage:310 - Check plugin pinoutconfig
2023-08-30 23:32:54,660 [WARN] SupportedApi:132 - Cannot load RTOS API schema: s4s-elt-must-match.1: The content of 'definitions' must match (annotation?, (simpleType | complexType)?, (unique | key | keyref)*)). A problem was found starting at: attribute.
2023-08-30 23:32:54,790 [INFO] PluginManage:359 - Loaded plugin pinoutconfig (category:base,tabindex:0)
2023-08-30 23:32:54,790 [INFO] PluginManage:310 - Check plugin power
2023-08-30 23:32:54,817 [INFO] PluginManage:359 - Loaded plugin power (category:power,tabindex:4)
2023-08-30 23:32:54,817 [INFO] PluginManage:310 - Check plugin projectmanager
2023-08-30 23:32:54,831 [INFO] PluginManage:359 - Loaded plugin projectmanager (category:projectmanager,tabindex:3)
2023-08-30 23:32:54,831 [INFO] PluginManage:310 - Check plugin thirdparty
2023-08-30 23:32:55,047 [INFO] PluginManage:359 - Loaded plugin thirdparty (category:base,tabindex:-1)
2023-08-30 23:32:55,047 [INFO] PluginManage:310 - Check plugin tools
2023-08-30 23:32:55,047 [WARN] IntegrityCheckThread:84 - waiting for thirdparty lock release [integrity check]
2023-08-30 23:32:55,047 [INFO] IntegrityCheckThread:86 - entering critical section [integrity check]
2023-08-30 23:32:55,051 [INFO] ThirdPartyUpdaterWithRetryManager:70 - Updater plugin not ready yet. [1/15]
2023-08-30 23:32:55,075 [INFO] PluginManage:359 - Loaded plugin tools (category:base,tabindex:7)
2023-08-30 23:32:55,075 [INFO] PluginManage:310 - Check plugin tutovideos
2023-08-30 23:32:55,291 [INFO] PluginManage:359 - Loaded plugin tutovideos (category:base,tabindex:-1)
2023-08-30 23:32:55,291 [INFO] PluginManage:310 - Check plugin updater
2023-08-30 23:32:55,308 [INFO] PluginManage:359 - Loaded plugin updater (category:base,tabindex:12)
2023-08-30 23:32:55,308 [INFO] PluginManage:283 - PluginManage : Loaded plugins [15]
2023-08-30 23:32:55,576 [INFO] PinOutPanel:1499 - setPackage(No Configuration,No Configuration)
2023-08-30 23:32:55,639 [INFO] CADModel:165 - CPN selected for project level
2023-08-30 23:32:55,639 [INFO] CADModel:114 - Register for checkConnection events
2023-08-30 23:32:55,665 [INFO] IPUIPlugin:80 - create IPUIPlugin
2023-08-30 23:32:55,665 [INFO] PluginManager:220 - loadIPPluginJar : add adc
2023-08-30 23:32:55,691 [INFO] IPUIPlugin:80 - create IPUIPlugin
2023-08-30 23:32:55,691 [INFO] PluginManager:220 - loadIPPluginJar : add aes
2023-08-30 23:32:55,719 [INFO] IPUIPlugin:80 - create IPUIPlugin
2023-08-30 23:32:55,719 [INFO] PluginManager:220 - loadIPPluginJar : add can
2023-08-30 23:32:55,735 [INFO] IPUIPlugin:80 - create IPUIPlugin
2023-08-30 23:32:55,735 [INFO] PluginManager:220 - loadIPPluginJar : add comp
2023-08-30 23:32:55,755 [INFO] IPUIPlugin:80 - create IPUIPlugin
2023-08-30 23:32:55,755 [INFO] PluginManager:220 - loadIPPluginJar : add cryp
2023-08-30 23:32:55,777 [INFO] IPUIPlugin:80 - create IPUIPlugin
2023-08-30 23:32:55,777 [INFO] PluginManager:220 - loadIPPluginJar : add dfsdm
2023-08-30 23:32:55,788 [INFO] IPUIPlugin:80 - create IPUIPlugin
2023-08-30 23:32:55,788 [INFO] PluginManager:220 - loadIPPluginJar : add dma
2023-08-30 23:32:55,818 [INFO] IPUIPlugin:80 - create IPUIPlugin
2023-08-30 23:32:55,818 [INFO] PluginManager:220 - loadIPPluginJar : add dma3
2023-08-30 23:32:55,834 [INFO] IPUIPlugin:80 - create IPUIPlugin
2023-08-30 23:32:55,834 [INFO] PluginManager:220 - loadIPPluginJar : add fatfs
2023-08-30 23:32:55,863 [INFO] IPUIPlugin:80 - create IPUIPlugin
2023-08-30 23:32:55,863 [INFO] PluginManager:220 - loadIPPluginJar : add fmc
2023-08-30 23:32:55,876 [INFO] IPUIPlugin:80 - create IPUIPlugin
2023-08-30 23:32:55,876 [INFO] PluginManager:220 - loadIPPluginJar : add freertos
2023-08-30 23:32:55,892 [INFO] IPUIPlugin:80 - create IPUIPlugin
2023-08-30 23:32:55,892 [INFO] PluginManager:220 - loadIPPluginJar : add genericplugin
2023-08-30 23:32:55,955 [INFO] IPUIPlugin:80 - create IPUIPlugin
2023-08-30 23:32:55,955 [INFO] PluginManager:220 - loadIPPluginJar : add gfxmmu
2023-08-30 23:32:56,086 [INFO] IPUIPlugin:80 - create IPUIPlugin
2023-08-30 23:32:56,086 [INFO] PluginManager:220 - loadIPPluginJar : add gic
2023-08-30 23:32:56,098 [INFO] IPUIPlugin:80 - create IPUIPlugin
2023-08-30 23:32:56,098 [INFO] PluginManager:220 - loadIPPluginJar : add gpio
2023-08-30 23:32:56,161 [INFO] IPUIPlugin:80 - create IPUIPlugin
2023-08-30 23:32:56,161 [INFO] PluginManager:220 - loadIPPluginJar : add gtzc
2023-08-30 23:32:56,186 [INFO] IPUIPlugin:80 - create IPUIPlugin
2023-08-30 23:32:56,186 [INFO] PluginManager:220 - loadIPPluginJar : add hash
2023-08-30 23:32:56,227 [INFO] IPUIPlugin:80 - create IPUIPlugin
2023-08-30 23:32:56,227 [INFO] PluginManager:220 - loadIPPluginJar : add i2c
2023-08-30 23:32:56,265 [INFO] IPUIPlugin:80 - create IPUIPlugin
2023-08-30 23:32:56,265 [INFO] PluginManager:220 - loadIPPluginJar : add i2s
2023-08-30 23:32:56,294 [INFO] IPUIPlugin:80 - create IPUIPlugin
2023-08-30 23:32:56,298 [INFO] PluginManager:220 - loadIPPluginJar : add i3c
2023-08-30 23:32:56,364 [INFO] IPUIPlugin:80 - create IPUIPlugin
2023-08-30 23:32:56,364 [INFO] PluginManager:220 - loadIPPluginJar : add ipddr
2023-08-30 23:32:56,430 [INFO] IPUIPlugin:80 - create IPUIPlugin
2023-08-30 23:32:56,430 [INFO] PluginManager:220 - loadIPPluginJar : add linkedlist
2023-08-30 23:32:56,457 [INFO] IPUIPlugin:80 - create IPUIPlugin
2023-08-30 23:32:56,457 [INFO] PluginManager:220 - loadIPPluginJar : add lorawan
2023-08-30 23:32:56,482 [INFO] IPUIPlugin:80 - create IPUIPlugin
2023-08-30 23:32:56,482 [INFO] PluginManager:220 - loadIPPluginJar : add ltdc
2023-08-30 23:32:56,495 [INFO] IPUIPlugin:80 - create IPUIPlugin
2023-08-30 23:32:56,495 [INFO] PluginManager:220 - loadIPPluginJar : add mdma
2023-08-30 23:32:56,507 [INFO] IPUIPlugin:80 - create IPUIPlugin
2023-08-30 23:32:56,507 [INFO] PluginManager:220 - loadIPPluginJar : add nvic
2023-08-30 23:32:56,531 [INFO] IPUIPlugin:80 - create IPUIPlugin
2023-08-30 23:32:56,531 [INFO] PluginManager:220 - loadIPPluginJar : add opamp
2023-08-30 23:32:56,579 [INFO] IPUIPlugin:80 - create IPUIPlugin
2023-08-30 23:32:56,579 [INFO] PluginManager:220 - loadIPPluginJar : add openamp
2023-08-30 23:32:56,608 [INFO] IPUIPlugin:80 - create IPUIPlugin
2023-08-30 23:32:56,608 [INFO] PluginManager:220 - loadIPPluginJar : add pdm2pcm
2023-08-30 23:32:56,623 [INFO] IPUIPlugin:80 - create IPUIPlugin
2023-08-30 23:32:56,623 [INFO] PluginManager:220 - loadIPPluginJar : add plateformsettings
2023-08-30 23:32:56,640 [INFO] IPUIPlugin:80 - create IPUIPlugin
2023-08-30 23:32:56,640 [INFO] PluginManager:220 - loadIPPluginJar : add quadspi
2023-08-30 23:32:56,649 [INFO] IPUIPlugin:80 - create IPUIPlugin
2023-08-30 23:32:56,649 [INFO] PluginManager:220 - loadIPPluginJar : add resmgrutility
2023-08-30 23:32:56,683 [INFO] IPUIPlugin:80 - create IPUIPlugin
2023-08-30 23:32:56,683 [INFO] PluginManager:220 - loadIPPluginJar : add sai
2023-08-30 23:32:56,708 [INFO] IPUIPlugin:80 - create IPUIPlugin
2023-08-30 23:32:56,708 [INFO] PluginManager:220 - loadIPPluginJar : add spi
2023-08-30 23:32:56,745 [INFO] IPUIPlugin:80 - create IPUIPlugin
2023-08-30 23:32:56,745 [INFO] PluginManager:220 - loadIPPluginJar : add stm32_wpan
2023-08-30 23:32:56,762 [INFO] IPUIPlugin:80 - create IPUIPlugin
2023-08-30 23:32:56,762 [INFO] PluginManager:220 - loadIPPluginJar : add tim
2023-08-30 23:32:56,796 [INFO] IPUIPlugin:80 - create IPUIPlugin
2023-08-30 23:32:56,796 [INFO] PluginManager:220 - loadIPPluginJar : add touchsensing
2023-08-30 23:32:56,813 [INFO] IPUIPlugin:80 - create IPUIPlugin
2023-08-30 23:32:56,813 [INFO] PluginManager:220 - loadIPPluginJar : add tracer_emb
2023-08-30 23:32:56,829 [INFO] IPUIPlugin:80 - create IPUIPlugin
2023-08-30 23:32:56,829 [INFO] PluginManager:220 - loadIPPluginJar : add ts
2023-08-30 23:32:56,841 [INFO] IPUIPlugin:80 - create IPUIPlugin
2023-08-30 23:32:56,841 [INFO] PluginManager:220 - loadIPPluginJar : add tsc
2023-08-30 23:32:56,862 [INFO] IPUIPlugin:80 - create IPUIPlugin
2023-08-30 23:32:56,862 [INFO] PluginManager:220 - loadIPPluginJar : add ucpd
2023-08-30 23:32:56,899 [INFO] IPUIPlugin:80 - create IPUIPlugin
2023-08-30 23:32:56,899 [INFO] PluginManager:220 - loadIPPluginJar : add usart
2023-08-30 23:32:56,932 [INFO] IPUIPlugin:80 - create IPUIPlugin
2023-08-30 23:32:56,932 [INFO] PluginManager:220 - loadIPPluginJar : add usbx
2023-08-30 23:32:57,058 [INFO] CADModel:165 - CPN selected for project level
2023-08-30 23:32:57,058 [INFO] CADModel:114 - Register for checkConnection events
2023-08-30 23:32:57,058 [FATAL] Updater:308 - Updater called before beeing initialized
2023-08-30 23:32:57,058 [ERROR] CADModel:125 - Updater not yet initialized, retry later 
2023-08-30 23:32:57,243 [INFO] CADModel:165 - CPN selected for project level
2023-08-30 23:32:57,243 [INFO] CADModel:114 - Register for checkConnection events
2023-08-30 23:32:57,243 [FATAL] Updater:308 - Updater called before beeing initialized
2023-08-30 23:32:57,243 [ERROR] CADModel:125 - Updater not yet initialized, retry later 
2023-08-30 23:32:57,247 [FATAL] Updater:308 - Updater called before beeing initialized
2023-08-30 23:32:57,356 [FATAL] Updater:308 - Updater called before beeing initialized
2023-08-30 23:32:57,368 [INFO] DbMcusAds:53 - JSON generation date=Tue Mar 07 03:50:55 EST 2023 (1678179055114)
2023-08-30 23:32:57,368 [FATAL] Updater:308 - Updater called before beeing initialized
2023-08-30 23:32:57,442 [WARN] DetailPanel:346 - Failed to get advertising image, set to default
2023-08-30 23:32:57,526 [FATAL] Updater:308 - Updater called before beeing initialized
2023-08-30 23:32:57,526 [FATAL] Updater:308 - Updater called before beeing initialized
2023-08-30 23:32:57,530 [FATAL] Updater:308 - Updater called before beeing initialized
2023-08-30 23:32:57,530 [WARN] DetailPanel:346 - Failed to get advertising image, set to default
2023-08-30 23:32:57,530 [FATAL] Updater:308 - Updater called before beeing initialized
2023-08-30 23:32:57,578 [ERROR] Updater:1120 - MainUpdater not yet initialized. External WinMGr cannot be set.
2023-08-30 23:32:57,587 [INFO] Updater:1056 - Updater Version found : 6.8.1
2023-08-30 23:32:57,611 [INFO] ApplicationProperties:184 - Using Application install path: C:\ST\STM32CubeIDE_1.12.1\STM32CubeIDE\plugins\com.st.stm32cube.common.mx_6.8.1.202304191431
2023-08-30 23:32:58,054 [INFO] ThirdPartyUpdaterWithRetryManager:70 - Updater plugin not ready yet. [2/15]
2023-08-30 23:32:58,119 [INFO] MainUpdater:2854 - connection check result : 10
2023-08-30 23:32:58,120 [INFO] MainUpdater:283 - Updater Check For Update Now.
2023-08-30 23:32:58,120 [INFO] MicroXplorer:498 - Change Database Version : DB.6.0.81
2023-08-30 23:32:58,308 [INFO] CheckServerUpdateThread:120 - End of CheckServer Thread
2023-08-30 23:32:58,367 [INFO] MainUpdater:2854 - connection check result : 10
2023-08-30 23:32:58,375 [INFO] MainUpdater:2854 - connection check result : 10
2023-08-30 23:32:58,511 [INFO] MicroXplorer:468 - Change Database Path : 
2023-08-30 23:32:58,511 [INFO] MicroXplorer:498 - Change Database Version : DB.6.0.81
2023-08-30 23:32:58,511 [WARN] ThirdParty:871 - waiting for thirdparty lock release [close project]
2023-08-30 23:33:01,188 [WARN] PackLoader:240 - Cannot read IP mode file for STMicroelectronics.X-CUBE-SMBUS.2.1.0
2023-08-30 23:33:01,216 [WARN] PackLoader:240 - Cannot read IP mode file for STMicroelectronics.X-CUBE-AZRTOS-F7.1.1.0
2023-08-30 23:33:01,230 [WARN] PackLoader:240 - Cannot read IP mode file for STMicroelectronics.FP-SNS-MOTENV1.4.3.2
2023-08-30 23:33:01,238 [ERROR] RealEvaluatedCondition:428 - Found unsupported composite condition: GROUP='STM32_MetaDataManager' CLASS='Data Exchange'
2023-08-30 23:33:01,238 [ERROR] RealEvaluatedCondition:428 - Found unsupported composite condition: CLASS='Data Exchange' GROUP='STM32_MetaDataManager'
2023-08-30 23:33:01,242 [WARN] PackLoader:240 - Cannot read IP mode file for STMicroelectronics.FP-SNS-MOTENV1.4.3.1
2023-08-30 23:33:01,250 [WARN] PackLoader:240 - Cannot read IP mode file for STMicroelectronics.FP-SNS-FLIGHT1.5.0.1
2023-08-30 23:33:01,258 [WARN] PackLoader:240 - Cannot read IP mode file for STMicroelectronics.X-CUBE-BLE1.6.2.4
2023-08-30 23:33:01,267 [WARN] PackLoader:240 - Cannot read IP mode file for STMicroelectronics.FP-SNS-FLIGHT1.5.0.2
2023-08-30 23:33:01,279 [WARN] PackLoader:240 - Cannot read IP mode file for STMicroelectronics.X-CUBE-DISPLAY.3.0.0
2023-08-30 23:33:01,291 [WARN] PackLoader:240 - Cannot read IP mode file for STMicroelectronics.X-CUBE-BLE1.7.0.0
2023-08-30 23:33:01,304 [WARN] PackLoader:240 - Cannot read IP mode file for STMicroelectronics.X-CUBE-TOUCHGFX.4.22.0
2023-08-30 23:33:01,320 [INFO] LogOutputStream:77 - [STDOUT_REDIRECT] 1 : Invalid condition id : UX_CORESTACK_Condition cause : null
2023-08-30 23:33:01,320 [INFO] LogOutputStream:77 - [STDOUT_REDIRECT] 1 : Invalid condition id : UX_CORESTACK_Condition cause : null
2023-08-30 23:33:01,320 [INFO] LogOutputStream:77 - [STDOUT_REDIRECT] 1 : Invalid condition id : UX_CORESTACK_Condition cause : null
2023-08-30 23:33:01,324 [INFO] LogOutputStream:77 - [STDOUT_REDIRECT] 1 : Invalid condition id : UX_CORESTACK_Condition cause : null
2023-08-30 23:33:01,324 [INFO] LogOutputStream:77 - [STDOUT_REDIRECT] 1 : Invalid condition id : UX_CORESTACK_Condition cause : null
2023-08-30 23:33:01,324 [WARN] PackLoader:240 - Cannot read IP mode file for STMicroelectronics.X-CUBE-AZRTOS-WL.2.0.0
2023-08-30 23:33:01,357 [WARN] PackLoader:240 - Cannot read IP mode file for WES.I-CUBE-Cesium.1.3.0
2023-08-30 23:33:01,369 [WARN] PackLoader:240 - Cannot read IP mode file for STMicroelectronics.X-CUBE-BLE2.3.3.0
2023-08-30 23:33:01,373 [WARN] PackLoader:240 - Cannot read IP mode file for STMicroelectronics.X-CUBE-TOUCHGFX.4.21.4
2023-08-30 23:33:01,381 [WARN] PackLoader:240 - Cannot read IP mode file for STMicroelectronics.X-CUBE-ALGOBUILD.1.3.0
2023-08-30 23:33:01,402 [WARN] PackLoader:240 - Cannot read IP mode file for STMicroelectronics.X-CUBE-AZRTOS-G0.1.1.0
2023-08-30 23:33:01,412 [WARN] PackLoader:240 - Cannot read IP mode file for STMicroelectronics.X-CUBE-NFC4.3.0.0
2023-08-30 23:33:01,423 [WARN] PackLoader:240 - Cannot read IP mode file for STMicroelectronics.FP-ATR-SIGFOX1.3.2.0
2023-08-30 23:33:01,451 [WARN] PackLoader:240 - Cannot read IP mode file for SEGGER.I-CUBE-embOS.1.3.1
2023-08-30 23:33:01,543 [WARN] PackLoader:240 - Cannot read IP mode file for STMicroelectronics.X-CUBE-GNSS1.6.0.0
2023-08-30 23:33:01,563 [WARN] PackLoader:240 - Cannot read IP mode file for STMicroelectronics.X-CUBE-AZRTOS-F4.1.1.0
2023-08-30 23:33:01,576 [WARN] PackLoader:240 - Cannot read IP mode file for wolfSSL.I-CUBE-wolfSSL.5.6.0
2023-08-30 23:33:01,596 [WARN] PackLoader:240 - Cannot read IP mode file for STMicroelectronics.X-CUBE-AZRTOS-L5.2.0.0
2023-08-30 23:33:01,639 [WARN] PackLoader:240 - Cannot read IP mode file for STMicroelectronics.X-CUBE-MEMS1.9.6.0
2023-08-30 23:33:01,756 [WARN] PackLoader:240 - Cannot read IP mode file for emotas.I-CUBE-CANOPEN.1.1.3
2023-08-30 23:33:01,768 [WARN] PackLoader:240 - Cannot read IP mode file for STMicroelectronics.X-CUBE-BLEMGR.2.0.0
2023-08-30 23:33:01,800 [WARN] ConditionMgr:438 - getConditionDescription Invalid condition id : UX DEVICE CLASS RTOS Condition cause : null
2023-08-30 23:33:01,800 [WARN] ConditionMgr:438 - getConditionDescription Invalid condition id : UX DEVICE CLASS RTOS Condition cause : null
2023-08-30 23:33:01,800 [WARN] PackLoader:240 - Cannot read IP mode file for STMicroelectronics.X-CUBE-AZRTOS-H7.3.1.0
2023-08-30 23:33:01,800 [WARN] ConditionMgr:1039 - genDependencies : Invalid condition id : UX DEVICE CLASS RTOS Condition cause : null
2023-08-30 23:33:01,800 [WARN] ConditionMgr:1039 - genDependencies : Invalid condition id : UX DEVICE CLASS RTOS Condition cause : null
2023-08-30 23:33:01,805 [WARN] ConditionMgr:1039 - genDependencies : Invalid condition id : UX DEVICE CLASS RTOS Condition cause : null
2023-08-30 23:33:01,805 [WARN] ConditionMgr:1039 - genDependencies : Invalid condition id : UX DEVICE CLASS RTOS Condition cause : null
2023-08-30 23:33:01,805 [WARN] ConditionMgr:1039 - genDependencies : Invalid condition id : UX DEVICE CLASS RTOS Condition cause : null
2023-08-30 23:33:01,817 [WARN] PackLoader:240 - Cannot read IP mode file for STMicroelectronics.X-CUBE-NFC7.1.0.1
2023-08-30 23:33:01,833 [WARN] PackLoader:240 - Cannot read IP mode file for STMicroelectronics.X-CUBE-EEPRMA1.4.1.0
2023-08-30 23:33:01,850 [WARN] PackLoader:240 - Cannot read IP mode file for STMicroelectronics.X-CUBE-AI.8.1.0
2023-08-30 23:33:01,874 [WARN] ConditionMgr:438 - getConditionDescription Invalid condition id : LAN8742 Phy interface Condition cause : null
2023-08-30 23:33:01,874 [WARN] PackLoader:240 - Cannot read IP mode file for STMicroelectronics.X-CUBE-AZRTOS-L4.2.0.0
2023-08-30 23:33:01,878 [WARN] ConditionMgr:1039 - genDependencies : Invalid condition id : LAN8742 Phy interface Condition cause : null
2023-08-30 23:33:01,878 [WARN] ConditionMgr:1039 - genDependencies : Invalid condition id : LAN8742 Phy interface Condition cause : null
2023-08-30 23:33:01,878 [WARN] ConditionMgr:1039 - genDependencies : Invalid condition id : LAN8742 Phy interface Condition cause : null
2023-08-30 23:33:01,895 [WARN] PackLoader:240 - Cannot read IP mode file for STMicroelectronics.X-CUBE-SFXS2LP1.4.0.0
2023-08-30 23:33:01,912 [WARN] PackLoader:240 - Cannot read IP mode file for STMicroelectronics.X-CUBE-ISPU.1.1.0
2023-08-30 23:33:01,940 [WARN] ConditionMgr:438 - getConditionDescription Invalid condition id : UX DEVICE CLASS RTOS Condition cause : null
2023-08-30 23:33:01,940 [WARN] ConditionMgr:438 - getConditionDescription Invalid condition id : UX DEVICE CLASS RTOS Condition cause : null
2023-08-30 23:33:01,940 [WARN] PackLoader:240 - Cannot read IP mode file for STMicroelectronics.X-CUBE-AZRTOS-WB.2.0.0
2023-08-30 23:33:01,940 [WARN] ConditionMgr:1039 - genDependencies : Invalid condition id : UX DEVICE CLASS RTOS Condition cause : null
2023-08-30 23:33:01,945 [WARN] ConditionMgr:1039 - genDependencies : Invalid condition id : UX DEVICE CLASS RTOS Condition cause : null
2023-08-30 23:33:01,945 [WARN] ConditionMgr:1039 - genDependencies : Invalid condition id : UX DEVICE CLASS RTOS Condition cause : null
2023-08-30 23:33:01,945 [WARN] ConditionMgr:1039 - genDependencies : Invalid condition id : UX DEVICE CLASS RTOS Condition cause : null
2023-08-30 23:33:01,945 [WARN] ConditionMgr:1039 - genDependencies : Invalid condition id : UX DEVICE CLASS RTOS Condition cause : null
2023-08-30 23:33:01,961 [WARN] PackLoader:240 - Cannot read IP mode file for STMicroelectronics.X-CUBE-FREERTOS.1.0.1
2023-08-30 23:33:01,982 [WARN] PackLoader:240 - Cannot read IP mode file for STMicroelectronics.X-CUBE-AZRTOS-L5.1.1.0
2023-08-30 23:33:01,994 [WARN] PackLoader:240 - Cannot read IP mode file for STMicroelectronics.X-CUBE-AI.8.0.1
2023-08-30 23:33:02,066 [WARN] PackLoader:240 - Cannot read IP mode file for STMicroelectronics.X-CUBE-SUBG2.5.0.0
2023-08-30 23:33:02,086 [WARN] PackLoader:240 - Cannot read IP mode file for STMicroelectronics.X-CUBE-TOF1.3.3.1
2023-08-30 23:33:02,114 [WARN] PackLoader:240 - Cannot read IP mode file for STMicroelectronics.X-CUBE-AZRTOS-G4.2.0.0
2023-08-30 23:33:02,130 [WARN] PackLoader:240 - Cannot read IP mode file for STMicroelectronics.X-CUBE-TOF1.3.3.0
2023-08-30 23:33:02,146 [WARN] PackLoader:240 - Cannot read IP mode file for STMicroelectronics.X-CUBE-FREERTOS.1.1.0
2023-08-30 23:33:02,158 [WARN] PackLoader:240 - Cannot read IP mode file for portGmbH.I-Cube-SoM-uGOAL.1.1.0
2023-08-30 23:33:02,166 [WARN] PackLoader:240 - Cannot read IP mode file for STMicroelectronics.X-CUBE-ALS.1.0.1
2023-08-30 23:33:02,186 [WARN] PackLoader:240 - Cannot read IP mode file for STMicroelectronics.X-CUBE-AZRTOS-WB.1.1.0
2023-08-30 23:33:02,198 [WARN] PackLoader:240 - Cannot read IP mode file for STMicroelectronics.FP-ATR-ASTRA1.2.0.0
2023-08-30 23:33:02,198 [INFO] ThirdParty:978 - Integrity check success = true
2023-08-30 23:33:02,198 [INFO] IntegrityCheckThread:100 - exiting critical section [integrity check]
2023-08-30 23:33:02,198 [INFO] ThirdParty:873 - entering critical section [close project]
2023-08-30 23:33:02,198 [INFO] IntegrityCheckThread:103 - End integrity checks thread
2023-08-30 23:33:02,202 [INFO] ThirdParty:883 - exiting critical section [close project]
2023-08-30 23:33:02,206 [INFO] PinOutPanel:1499 - setPackage(No Configuration,No Configuration)
2023-08-30 23:33:02,210 [INFO] UtilMem:75 - Begin LoadConfig() Used Memory: 527014144 Bytes (680525824)
2023-08-30 23:33:02,215 [INFO] MicroXplorer:468 - Change Database Path : 
2023-08-30 23:33:02,215 [INFO] MicroXplorer:498 - Change Database Version : DB.6.0.81
2023-08-30 23:33:02,215 [INFO] OpenFileManager:308 - Change cursor
2023-08-30 23:33:02,264 [INFO] Mcu:1937 - Initializing MCU STM32F401R(D-E)Tx STM32F401RETx STM32F401RET6
2023-08-30 23:33:03,261 [INFO] Context:659 - Trying to add GPIOservice into a context  which must be forbidden
2023-08-30 23:33:03,742 [INFO] RtosManager:555 - Registered RTOS mode: class=CMSIS, group=RTOS, mode=CMSIS_V1, owner=FREERTOS
2023-08-30 23:33:03,742 [INFO] RtosManager:555 - Registered RTOS mode: class=CMSIS, group=RTOS2, mode=CMSIS_V2, owner=FREERTOS
2023-08-30 23:33:03,742 [INFO] RtosManager:555 - Registered RTOS mode: class=RTOS, group=Core, mode=CMSIS_V1, owner=FREERTOS
2023-08-30 23:33:03,742 [INFO] RtosManager:555 - Registered RTOS mode: class=RTOS, group=Core, mode=CMSIS_V2, owner=FREERTOS
2023-08-30 23:33:03,742 [WARN] ModelIntegratedComponent:184 - Missing modes for component STMicroelectronics:FreeRTOS:0.0.1:STMicroelectronics:RTOS:FreeRTOS:Core:::10.2.0:
2023-08-30 23:33:03,759 [WARN] ModelIntegratedComponent:63 - No mode defined for component null
2023-08-30 23:33:03,759 [WARN] ModelIntegratedComponent:63 - No mode defined for component null
2023-08-30 23:33:03,759 [WARN] ModelIntegratedComponent:63 - No mode defined for component null
2023-08-30 23:33:03,759 [WARN] ModelIntegratedComponent:63 - No mode defined for component null
2023-08-30 23:33:03,759 [WARN] ModelIntegratedComponent:63 - No mode defined for component null
2023-08-30 23:33:03,759 [WARN] ModelIntegratedComponent:63 - No mode defined for component null
2023-08-30 23:33:03,759 [WARN] ModelIntegratedComponent:63 - No mode defined for component null
2023-08-30 23:33:03,759 [WARN] ModelIntegratedComponent:63 - No mode defined for component null
2023-08-30 23:33:03,759 [WARN] ModelIntegratedComponent:63 - No mode defined for component null
2023-08-30 23:33:03,759 [WARN] ModelIntegratedComponent:63 - No mode defined for component null
2023-08-30 23:33:03,759 [WARN] ModelIntegratedComponent:63 - No mode defined for component null
2023-08-30 23:33:03,759 [WARN] ModelIntegratedComponent:63 - No mode defined for component null
2023-08-30 23:33:03,759 [WARN] ModelIntegratedComponent:63 - No mode defined for component null
2023-08-30 23:33:03,759 [WARN] ModelIntegratedComponent:63 - No mode defined for component null
2023-08-30 23:33:03,759 [WARN] ModelIntegratedComponent:63 - No mode defined for component null
2023-08-30 23:33:03,759 [WARN] ModelIntegratedComponent:63 - No mode defined for component null
2023-08-30 23:33:03,759 [WARN] ModelIntegratedComponent:63 - No mode defined for component null
2023-08-30 23:33:03,759 [WARN] ModelIntegratedComponent:63 - No mode defined for component null
2023-08-30 23:33:03,759 [WARN] ModelIntegratedComponent:63 - No mode defined for component null
2023-08-30 23:33:03,759 [WARN] ModelIntegratedComponent:63 - No mode defined for component null
2023-08-30 23:33:03,759 [WARN] ModelIntegratedComponent:63 - No mode defined for component null
2023-08-30 23:33:03,759 [WARN] ModelIntegratedComponent:63 - No mode defined for component null
2023-08-30 23:33:03,759 [WARN] ModelIntegratedComponent:63 - No mode defined for component null
2023-08-30 23:33:03,759 [WARN] ModelIntegratedComponent:63 - No mode defined for component null
2023-08-30 23:33:03,759 [WARN] ModelIntegratedComponent:63 - No mode defined for component null
2023-08-30 23:33:03,759 [WARN] ModelIntegratedComponent:63 - No mode defined for component null
2023-08-30 23:33:03,759 [WARN] ModelIntegratedComponent:63 - No mode defined for component null
2023-08-30 23:33:03,759 [WARN] ModelIntegratedComponent:63 - No mode defined for component null
2023-08-30 23:33:03,759 [WARN] ModelIntegratedComponent:63 - No mode defined for component null
2023-08-30 23:33:03,759 [WARN] ModelIntegratedComponent:63 - No mode defined for component null
2023-08-30 23:33:03,759 [WARN] ModelIntegratedComponent:63 - No mode defined for component null
2023-08-30 23:33:03,759 [WARN] ModelIntegratedComponent:63 - No mode defined for component null
2023-08-30 23:33:03,759 [WARN] ModelIntegratedComponent:63 - No mode defined for component null
2023-08-30 23:33:03,792 [INFO] ThirdPartyModel:298 - Start build external matchings
2023-08-30 23:33:03,971 [INFO] ThirdPartyModel:316 - End build external matchings
2023-08-30 23:33:03,983 [INFO] ImportTextPane:194 - (OptionalMessage_ERROR) IP (RCC) : Parameter (RTCHSEDivFreq_Value) has invalid value (4000000)
2023-08-30 23:33:04,176 [INFO] UtilMem:75 - End LoadConfig() Used Memory: 519570112 Bytes (680525824)
2023-08-30 23:33:04,289 [INFO] ApiDb:581 - Connected to CubeFinder SQLite database (C:\Users\sande\.stmcufinder\plugins\mcufinder\mcu\cube-finder-db.db)
2023-08-30 23:33:04,370 [INFO] ApiDb:668 - CubeFinder database Data Model version=2.1
2023-08-30 23:33:04,370 [INFO] ApiDb:669 - CubeFinder database Configuration version=3.0.37
2023-08-30 23:33:04,370 [INFO] ApiDb:670 - CubeFinder database generation date=2023-08-09 (1691586011)
2023-08-30 23:33:04,370 [INFO] ApiDb:671 - CubeFinder database FW Pack versions=[FP-ATR-ASTRA1_V2.0.0, FP-SNS-FLIGHT1_V5.0.1, FP-SNS-FLIGHT1_V5.0.2, FP-SNS-MOTENV1_V4.3.1, FP-SNS-MOTENV1_V4.3.2, STM32Cube_FW_C0_V1.1.0, STM32Cube_FW_F4_V1.27.1, STM32Cube_FW_F7_V1.17.0, STM32Cube_FW_G0_V1.6.1, STM32Cube_FW_G4_V1.5.1, STM32Cube_FW_H5_V0.5.1, STM32Cube_FW_H5_V1.1.0, STM32Cube_FW_H7_V1.11.0, STM32Cube_FW_L0_V1.12.2, STM32Cube_FW_L5_V1.5.0, STM32Cube_FW_U5_V1.3.0, STM32Cube_FW_U5_V1.3.0RC4, STM32Cube_FW_WBA_V1.0.0RC1, STM32Cube_FW_WBA_V1.1.0, STM32Cube_FW_WBA_V1.1.0RC1, STM32Cube_FW_WB_V1.15.0RC1, STM32Cube_FW_WB_V1.16.0, STM32Cube_FW_WB_V1.16.0RC2, STM32Cube_FW_WB_V1.17.0, STM32Cube_FW_WL_V1.3.0, X-CUBE-ALGOBUILD_V1.3.0, X-CUBE-ALS_V1.0.1, X-CUBE-AZRTOS-F4_V1.1.0, X-CUBE-AZRTOS-F7_V1.1.0, X-CUBE-AZRTOS-G0_V1.1.0, X-CUBE-AZRTOS-G4_V2.0.0, X-CUBE-AZRTOS-H7_V3.1.0, X-CUBE-AZRTOS-L4_V1.0.0, X-CUBE-AZRTOS-L4_V2.0.0, X-CUBE-AZRTOS-L5_V1.1.0, X-CUBE-AZRTOS-WB_V1.1.0, X-CUBE-AZRTOS-WL_V2.0.0, X-CUBE-BLE1_V7.0.0, X-CUBE-BLE2_V3.3.0, X-CUBE-BLEMGR_V2.0.0, X-CUBE-EEPRMA1_V4.1.0, X-CUBE-FREERTOS_V1.1.0, X-CUBE-GNSS1_V6.0.0, X-CUBE-MEMS1_V9.1.0, X-CUBE-MEMS1_V9.4.0, X-CUBE-MEMS1_V9.6.0, X-CUBE-NFC4_V3.0.0, X-CUBE-NFC7_V1.0.0, X-CUBE-SFXS2LP1_V4.0.0, X-CUBE-SUBG2_V5.0.0, X-CUBE-TOF1_V3.3.1]
2023-08-30 23:33:06,364 [INFO] ApiDb:240 - Found 297 in-development CPN: [B-G473E-ZEST1S, B-WB1M-WPAN1, B-WL5M-SUBG1, NUCLEO-C031C6, NUCLEO-H503RB, NUCLEO-H563ZI, NUCLEO-U545RE-Q, NUCLEO-U5A5ZJ-Q, NUCLEO-WBA52CG, STEVAL-PROTEUS1, STEVAL-STWINBX1, STM320518-EVAL, STM32C0116-DK, STM32C011D6Y3TR, STM32C011D6Y6TR, STM32C011F4P3, STM32C011F4P6, STM32C011F4U3, STM32C011F4U6TR, STM32C011F6P3, STM32C011F6P6, STM32C011F6U3, STM32C011F6U6TR, STM32C011J4M3, STM32C011J4M6, STM32C011J6M3, STM32C011J6M6, STM32C0316-DK, STM32C031C4T3, STM32C031C4T6, STM32C031C4U3, STM32C031C4U6, STM32C031C6T3, STM32C031C6T6, STM32C031C6U3, STM32C031C6U6, STM32C031F4P3, STM32C031F4P6, STM32C031F6P3, STM32C031F6P6, STM32C031G4U3, STM32C031G4U6, STM32C031G6U3, STM32C031G6U6, STM32C031K4T3, STM32C031K4T6, STM32C031K4U3, STM32C031K4U6, STM32C031K6T3, STM32C031K6T6, STM32C031K6U3, STM32C031K6U6, STM32G071K8TXN, STM32G071K8UXN, STM32G081GBU6N, STM32G081KBT6N, STM32G081KBUXN, STM32G0B1CCT6N, STM32G0B1KCT6, STM32G0B1NEY6TR, STM32G0B1RCT6N, STM32G0C1CCT6, STM32G0C1CCT6N, STM32G0C1CCU6N, STM32G0C1CET6N, STM32G0C1CEU6N, STM32G0C1KCT6, STM32G0C1NEY6TR, STM32G0C1RCI6N, STM32G0C1RCT6N, STM32G0C1REI6N, STM32G0C1RET6N, STM32G0C1VCI6, STM32G0C1VEI6, STM32G471CCT6, STM32G471CCU6, STM32G471CET3, STM32G471CET6, STM32G471CEU3, STM32G471CEU6, STM32G471MCT6, STM32G471MET3, STM32G471MET6, STM32G471MEY6TR, STM32G471QCT6, STM32G471QET3, STM32G471RCT6, STM32G471RET3, STM32G471RET6, STM32G471VCH6, STM32G471VCI6, STM32G471VCT6, STM32G471VEH3, STM32G471VEH6, STM32G471VEI3, STM32G471VEI6, STM32G471VET3, STM32G471VET6, STM32G474CCT6, STM32H503CBT6, STM32H503CBU6, STM32H503EBY6TR, STM32H503KBU6, STM32H503RBT6, STM32H562AGI6, STM32H562AII6, STM32H562IGK6, STM32H562IGT6, STM32H562IIK6, STM32H562IIT6, STM32H562RGT6, STM32H562RGV6, STM32H562RIT6, STM32H562RIV6, STM32H562VGT6, STM32H562VIT6, STM32H562ZGT6, STM32H562ZIT6, STM32H563AGI6, STM32H563AII3Q, STM32H563AII6, STM32H563IGK6, STM32H563IGT6, STM32H563IIK3Q, STM32H563IIK6, STM32H563IIT3Q, STM32H563IIT6, STM32H563MIY3QTR, STM32H563RGT6, STM32H563RGV6, STM32H563RIT6, STM32H563RIV6, STM32H563VGT6, STM32H563VIT3Q, STM32H563VIT6, STM32H563ZGT6, STM32H563ZIT3Q, STM32H563ZIT6, STM32H573AII3Q, STM32H573AII6, STM32H573I-DK, STM32H573IIK3Q, STM32H573IIK6, STM32H573IIT3Q, STM32H573IIT6, STM32H573MIY3QTR, STM32H573RIT6, STM32H573RIV6, STM32H573VIT3Q, STM32H573VIT6, STM32H573ZIT3Q, STM32H573ZIT6, STM32L4R5QGI6STR, STM32MP131AAE3, STM32MP131AAF3, STM32MP131AAG3, STM32MP131CAE3, STM32MP131CAF3, STM32MP131CAG3, STM32MP131DAE7, STM32MP131DAF7, STM32MP131DAG7, STM32MP131FAE7, STM32MP131FAF7, STM32MP131FAG7, STM32MP133AAE3, STM32MP133AAF3, STM32MP133AAG3, STM32MP133CAE3, STM32MP133CAF3, STM32MP133CAG3, STM32MP133DAE7, STM32MP133DAF7, STM32MP133DAG7, STM32MP133FAE7, STM32MP133FAF7, STM32MP133FAG7, STM32MP135AAE3, STM32MP135AAF3, STM32MP135AAG3, STM32MP135CAE3, STM32MP135CAF3, STM32MP135CAG3, STM32MP135DAE7, STM32MP135DAF7, STM32MP135DAG7, STM32MP135F-DK, STM32MP135FAE7, STM32MP135FAF7, STM32MP135FAF7T, STM32MP135FAF7U, STM32MP135FAG7, STM32U535CBT6, STM32U535CBT6Q, STM32U535CBU6, STM32U535CBU6Q, STM32U535CCT6, STM32U535CCT6Q, STM32U535CCU6, STM32U535CCU6Q, STM32U535CET6, STM32U535CET6Q, STM32U535CEU6, STM32U535CEU6Q, STM32U535JEY6QTR, STM32U535NCY6QTR, STM32U535NEY6QTR, STM32U535RBI6, STM32U535RBI6Q, STM32U535RBT6, STM32U535RBT6Q, STM32U535RCI6, STM32U535RCI6Q, STM32U535RCT6, STM32U535RCT6Q, STM32U535REI6, STM32U535REI6Q, STM32U535RET6, STM32U535RET6Q, STM32U535VCI6, STM32U535VCI6Q, STM32U535VCT6, STM32U535VCT6Q, STM32U535VEI6, STM32U535VEI6Q, STM32U535VET6, STM32U535VET6Q, STM32U545CET6, STM32U545CET6Q, STM32U545CEU6, STM32U545CEU6Q, STM32U545JEY6QTR, STM32U545NEY6QTR, STM32U545REI6, STM32U545REI6Q, STM32U545RET6, STM32U545RET6Q, STM32U545VEI6, STM32U545VEI6Q, STM32U545VET6, STM32U545VET6Q, STM32U595AIH6, STM32U595AIH6Q, STM32U595AJH6, STM32U595AJH6Q, STM32U595QII6, STM32U595QII6Q, STM32U595QJI6, STM32U595QJI6Q, STM32U595RIT6, STM32U595RIT6Q, STM32U595RJT6, STM32U595RJT6Q, STM32U595VIT6, STM32U595VIT6Q, STM32U595VJT6, STM32U595VJT6Q, STM32U595ZIT6, STM32U595ZIT6Q, STM32U595ZIY6QTR, STM32U595ZJT6, STM32U595ZJT6Q, STM32U595ZJY6QTR, STM32U599BJY6QTR, STM32U599NIH6Q, STM32U599NJH6Q, STM32U599VIT6Q, STM32U599VJT6, STM32U599VJT6Q, STM32U599ZIT6Q, STM32U599ZIY6QTR, STM32U599ZJT6Q, STM32U599ZJY6QTR, STM32U5A5AJH6, STM32U5A5AJH6Q, STM32U5A5QJI6, STM32U5A5QJI6Q, STM32U5A5RJT6, STM32U5A5RJT6Q, STM32U5A5VJT6, STM32U5A5VJT6Q, STM32U5A5ZJT6, STM32U5A5ZJT6Q, STM32U5A5ZJY6QTR, STM32U5A9BJY6QTR, STM32U5A9J-DK, STM32U5A9NJH6Q, STM32U5A9VJT6Q, STM32U5A9ZJT6Q, STM32U5A9ZJY6QTR, STM32WB1MMCH6, STM32WBA52CEU6, STM32WBA52CEU6T, STM32WBA52CGU6, STM32WBA52CGU6T, STM32WL5MOCH6, STM32WL5MOCH6TR]
2023-08-30 23:33:06,368 [INFO] DbMcus:216 - Found 3825 MCUs, 3825 are supported
2023-08-30 23:33:06,372 [INFO] ApiDb:423 - Load user favorites file C:\Users\sande/.stm32cubeide/favorites.mcus.txt: 0 item(s)
2023-08-30 23:33:06,372 [INFO] ApiDb:427 - User favorites MCUs=[]
2023-08-30 23:33:06,372 [INFO] DbMcus:222 - Set 0 / 0 favorites MCUs
2023-08-30 23:33:06,864 [WARN] ThirdParty:833 - waiting for thirdparty lock release [change project]
2023-08-30 23:33:06,864 [INFO] ThirdParty:835 - entering critical section [change project]
2023-08-30 23:33:06,864 [INFO] ThirdParty:1030 - CMSIS Pack Vendor :STMicroelectronics X-CUBE-ISPU 1.1.0
2023-08-30 23:33:06,864 [INFO] ThirdParty:1030 - CMSIS Pack Vendor :STMicroelectronics X-CUBE-GNSS1 6.0.0
2023-08-30 23:33:06,864 [INFO] ThirdParty:1030 - CMSIS Pack Vendor :STMicroelectronics USB_HOST 2.0.0
2023-08-30 23:33:06,864 [INFO] ThirdParty:1030 - CMSIS Pack Vendor :STMicroelectronics X-CUBE-AZRTOS-F4 1.1.0
2023-08-30 23:33:06,864 [INFO] ThirdParty:1030 - CMSIS Pack Vendor :STMicroelectronics LIBJPEG 8.0.0
2023-08-30 23:33:06,864 [INFO] ThirdParty:1030 - CMSIS Pack Vendor :STMicroelectronics X-CUBE-SMBUS 2.1.0
2023-08-30 23:33:06,864 [INFO] ThirdParty:1030 - CMSIS Pack Vendor :wolfSSL I-CUBE-wolfSSL 5.6.0
2023-08-30 23:33:06,864 [INFO] ThirdParty:1030 - CMSIS Pack Vendor :STMicroelectronics USB_DEVICE 3.0.0
2023-08-30 23:33:06,864 [INFO] ThirdParty:1030 - CMSIS Pack Vendor :STMicroelectronics X-CUBE-AZRTOS-WB 2.0.0
2023-08-30 23:33:06,864 [INFO] ThirdParty:1030 - CMSIS Pack Vendor :STMicroelectronics X-CUBE-FREERTOS 1.0.1
2023-08-30 23:33:06,864 [INFO] ThirdParty:1030 - CMSIS Pack Vendor :STMicroelectronics X-CUBE-AZRTOS-F7 1.1.0
2023-08-30 23:33:06,864 [INFO] ThirdParty:1030 - CMSIS Pack Vendor :STMicroelectronics X-CUBE-TOUCHGFX 4.21.4
2023-08-30 23:33:06,864 [INFO] ThirdParty:1030 - CMSIS Pack Vendor :STMicroelectronics X-CUBE-AZRTOS-L5 2.0.0
2023-08-30 23:33:06,864 [INFO] ThirdParty:1030 - CMSIS Pack Vendor :STMicroelectronics USB_DEVICE 2.0.0
2023-08-30 23:33:06,864 [INFO] ThirdParty:1030 - CMSIS Pack Vendor :STMicroelectronics X-CUBE-MEMS1 9.6.0
2023-08-30 23:33:06,864 [INFO] ThirdParty:1030 - CMSIS Pack Vendor :STMicroelectronics FP-SNS-MOTENV1 4.3.2
2023-08-30 23:33:06,864 [INFO] ThirdParty:1030 - CMSIS Pack Vendor :STMicroelectronics FP-SNS-MOTENV1 4.3.1
2023-08-30 23:33:06,864 [INFO] ThirdParty:1030 - CMSIS Pack Vendor :STMicroelectronics FP-SNS-FLIGHT1 5.0.1
2023-08-30 23:33:06,864 [INFO] ThirdParty:1030 - CMSIS Pack Vendor :STMicroelectronics X-CUBE-ALGOBUILD 1.3.0
2023-08-30 23:33:06,864 [INFO] ThirdParty:1030 - CMSIS Pack Vendor :STMicroelectronics X-CUBE-BLE1 6.2.4
2023-08-30 23:33:06,864 [INFO] ThirdParty:1030 - CMSIS Pack Vendor :STMicroelectronics X-CUBE-AZRTOS-L5 1.1.0
2023-08-30 23:33:06,864 [INFO] ThirdParty:1030 - CMSIS Pack Vendor :STMicroelectronics FreeRTOS 0.0.1
2023-08-30 23:33:06,864 [INFO] ThirdParty:1030 - CMSIS Pack Vendor :STMicroelectronics X-CUBE-AZRTOS-G0 1.1.0
2023-08-30 23:33:06,864 [INFO] ThirdParty:1030 - CMSIS Pack Vendor :emotas I-CUBE-CANOPEN 1.1.3
2023-08-30 23:33:06,864 [INFO] ThirdParty:1030 - CMSIS Pack Vendor :STMicroelectronics X-CUBE-BLEMGR 2.0.0
2023-08-30 23:33:06,864 [INFO] ThirdParty:1030 - CMSIS Pack Vendor :STMicroelectronics X-CUBE-AI 8.0.1
2023-08-30 23:33:06,864 [INFO] ThirdParty:1030 - CMSIS Pack Vendor :STMicroelectronics X-CUBE-NFC4 3.0.0
2023-08-30 23:33:06,864 [INFO] ThirdParty:1030 - CMSIS Pack Vendor :STMicroelectronics X-CUBE-SUBG2 5.0.0
2023-08-30 23:33:06,864 [INFO] ThirdParty:1030 - CMSIS Pack Vendor :STMicroelectronics STM32_WPAN 1.0.0
2023-08-30 23:33:06,864 [INFO] ThirdParty:1030 - CMSIS Pack Vendor :STMicroelectronics lwIP 2.0.3
2023-08-30 23:33:06,864 [INFO] ThirdParty:1030 - CMSIS Pack Vendor :STMicroelectronics FP-SNS-FLIGHT1 5.0.2
2023-08-30 23:33:06,864 [INFO] ThirdParty:1030 - CMSIS Pack Vendor :STMicroelectronics USB_HOST 1.0.0
2023-08-30 23:33:06,864 [INFO] ThirdParty:1030 - CMSIS Pack Vendor :STMicroelectronics X-CUBE-TOF1 3.3.1
2023-08-30 23:33:06,864 [INFO] ThirdParty:1030 - CMSIS Pack Vendor :STMicroelectronics X-CUBE-AZRTOS-G4 2.0.0
2023-08-30 23:33:06,864 [INFO] ThirdParty:1030 - CMSIS Pack Vendor :STMicroelectronics PDM2PCM 3.1.0
2023-08-30 23:33:06,864 [INFO] ThirdParty:1030 - CMSIS Pack Vendor :STMicroelectronics X-CUBE-AZRTOS-H7 3.1.0
2023-08-30 23:33:06,864 [INFO] ThirdParty:1030 - CMSIS Pack Vendor :STMicroelectronics X-CUBE-TOF1 3.3.0
2023-08-30 23:33:06,864 [INFO] ThirdParty:1030 - CMSIS Pack Vendor :STMicroelectronics PDM2PCM 3.3.0
2023-08-30 23:33:06,864 [INFO] ThirdParty:1030 - CMSIS Pack Vendor :STMicroelectronics X-CUBE-DISPLAY 3.0.0
2023-08-30 23:33:06,864 [INFO] ThirdParty:1030 - CMSIS Pack Vendor :STMicroelectronics X-CUBE-BLE1 7.0.0
2023-08-30 23:33:06,864 [INFO] ThirdParty:1030 - CMSIS Pack Vendor :STMicroelectronics FP-ATR-SIGFOX1 3.2.0
2023-08-30 23:33:06,864 [INFO] ThirdParty:1030 - CMSIS Pack Vendor :STMicroelectronics HAL Drivers 0.0.0
2023-08-30 23:33:06,864 [INFO] ThirdParty:1030 - CMSIS Pack Vendor :STMicroelectronics MBEDTLS 2.16.2
2023-08-30 23:33:06,864 [INFO] ThirdParty:1030 - CMSIS Pack Vendor :STMicroelectronics X-CUBE-FREERTOS 1.1.0
2023-08-30 23:33:06,864 [INFO] ThirdParty:1030 - CMSIS Pack Vendor :STMicroelectronics X-CUBE-TOUCHGFX 4.22.0
2023-08-30 23:33:06,864 [INFO] ThirdParty:1030 - CMSIS Pack Vendor :STMicroelectronics X-CUBE-NFC7 1.0.1
2023-08-30 23:33:06,864 [INFO] ThirdParty:1030 - CMSIS Pack Vendor :STMicroelectronics MBEDTLS 2.14.1
2023-08-30 23:33:06,864 [INFO] ThirdParty:1030 - CMSIS Pack Vendor :STMicroelectronics X-CUBE-EEPRMA1 4.1.0
2023-08-30 23:33:06,864 [INFO] ThirdParty:1030 - CMSIS Pack Vendor :portGmbH I-Cube-SoM-uGOAL 1.1.0
2023-08-30 23:33:06,864 [INFO] ThirdParty:1030 - CMSIS Pack Vendor :STMicroelectronics X-CUBE-ALS 1.0.1
2023-08-30 23:33:06,864 [INFO] ThirdParty:1030 - CMSIS Pack Vendor :STMicroelectronics ThreadX 1.0.0
2023-08-30 23:33:06,864 [INFO] ThirdParty:1030 - CMSIS Pack Vendor :STMicroelectronics X-CUBE-AZRTOS-WB 1.1.0
2023-08-30 23:33:06,864 [INFO] ThirdParty:1030 - CMSIS Pack Vendor :STMicroelectronics X-CUBE-AZRTOS-WL 2.0.0
2023-08-30 23:33:06,864 [INFO] ThirdParty:1030 - CMSIS Pack Vendor :SEGGER I-CUBE-embOS 1.3.1
2023-08-30 23:33:06,864 [INFO] ThirdParty:1030 - CMSIS Pack Vendor :STMicroelectronics USB_DEVICE 1.0.0
2023-08-30 23:33:06,864 [INFO] ThirdParty:1030 - CMSIS Pack Vendor :STMicroelectronics X-CUBE-AI 8.1.0
2023-08-30 23:33:06,864 [INFO] ThirdParty:1030 - CMSIS Pack Vendor :STMicroelectronics X-CUBE-AZRTOS-L4 2.0.0
2023-08-30 23:33:06,864 [INFO] ThirdParty:1030 - CMSIS Pack Vendor :STMicroelectronics ThreadX 0.0.2
2023-08-30 23:33:06,864 [INFO] ThirdParty:1030 - CMSIS Pack Vendor :WES I-CUBE-Cesium 1.3.0
2023-08-30 23:33:06,864 [INFO] ThirdParty:1030 - CMSIS Pack Vendor :STMicroelectronics FP-ATR-ASTRA1 2.0.0
2023-08-30 23:33:06,864 [INFO] ThirdParty:1030 - CMSIS Pack Vendor :STMicroelectronics lwIP 2.1.2
2023-08-30 23:33:06,864 [INFO] ThirdParty:1030 - CMSIS Pack Vendor :STMicroelectronics X-CUBE-SFXS2LP1 4.0.0
2023-08-30 23:33:06,864 [INFO] ThirdParty:1030 - CMSIS Pack Vendor :STMicroelectronics X-CUBE-BLE2 3.3.0
2023-08-30 23:33:06,864 [INFO] ThirdParty:1030 - CMSIS Pack Vendor :STMicroelectronics PDM2PCM 3.2.0
2023-08-30 23:33:06,864 [INFO] ThirdParty:841 - exiting critical section [change project]
2023-08-30 23:33:07,138 [INFO] PinOutPanel:1499 - setPackage(No Configuration,No Configuration)
2023-08-30 23:33:07,142 [INFO] PinOutPanel:1499 - setPackage(STM32F401RETx,LQFP64)
2023-08-30 23:33:07,862 [INFO] UtilMem:75 - Before build in PCC Used Memory: 538135832 Bytes (680525824)
2023-08-30 23:33:08,850 [INFO] UtilMem:75 - After build in PCC Used Memory: 515698808 Bytes (680525824)
2023-08-30 23:33:08,899 [INFO] IPUIPlugin:80 - create IPUIPlugin
2023-08-30 23:33:08,899 [INFO] IPUIPlugin:80 - create IPUIPlugin
2023-08-30 23:33:08,899 [INFO] IPUIPlugin:80 - create IPUIPlugin
2023-08-30 23:33:08,899 [INFO] IPUIPlugin:80 - create IPUIPlugin
2023-08-30 23:33:08,901 [INFO] IPUIPlugin:80 - create IPUIPlugin
2023-08-30 23:33:08,901 [INFO] IPUIPlugin:80 - create IPUIPlugin
2023-08-30 23:33:08,901 [INFO] IPUIPlugin:80 - create IPUIPlugin
2023-08-30 23:33:08,901 [INFO] IPUIPlugin:80 - create IPUIPlugin
2023-08-30 23:33:08,901 [INFO] IPUIPlugin:80 - create IPUIPlugin
2023-08-30 23:33:08,901 [INFO] IPUIPlugin:80 - create IPUIPlugin
2023-08-30 23:33:08,901 [INFO] IPUIPlugin:80 - create IPUIPlugin
2023-08-30 23:33:08,901 [INFO] IPUIPlugin:80 - create IPUIPlugin
2023-08-30 23:33:08,901 [INFO] IPUIPlugin:80 - create IPUIPlugin
2023-08-30 23:33:08,901 [INFO] IPUIPlugin:80 - create IPUIPlugin
2023-08-30 23:33:08,901 [INFO] IPUIPlugin:80 - create IPUIPlugin
2023-08-30 23:33:08,901 [INFO] IPUIPlugin:80 - create IPUIPlugin
2023-08-30 23:33:08,901 [INFO] IPUIPlugin:80 - create IPUIPlugin
2023-08-30 23:33:08,901 [INFO] IPUIPlugin:80 - create IPUIPlugin
2023-08-30 23:33:08,901 [INFO] IPUIPlugin:80 - create IPUIPlugin
2023-08-30 23:33:08,901 [INFO] IPUIPlugin:80 - create IPUIPlugin
2023-08-30 23:33:08,901 [INFO] IPUIPlugin:80 - create IPUIPlugin
2023-08-30 23:33:08,901 [INFO] IPUIPlugin:80 - create IPUIPlugin
2023-08-30 23:33:08,901 [INFO] IPUIPlugin:80 - create IPUIPlugin
2023-08-30 23:33:08,905 [INFO] IPUIPlugin:80 - create IPUIPlugin
2023-08-30 23:33:08,905 [INFO] IPUIPlugin:80 - create IPUIPlugin
2023-08-30 23:33:08,905 [INFO] IPUIPlugin:80 - create IPUIPlugin
2023-08-30 23:33:08,905 [INFO] IPUIPlugin:80 - create IPUIPlugin
2023-08-30 23:33:08,905 [INFO] IPUIPlugin:80 - create IPUIPlugin
2023-08-30 23:33:08,905 [INFO] IPUIPlugin:80 - create IPUIPlugin
2023-08-30 23:33:08,905 [INFO] IPUIPlugin:80 - create IPUIPlugin
2023-08-30 23:33:08,905 [INFO] IPUIPlugin:80 - create IPUIPlugin
2023-08-30 23:33:08,905 [INFO] IPUIPlugin:80 - create IPUIPlugin
2023-08-30 23:33:08,905 [INFO] IPUIPlugin:80 - create IPUIPlugin
2023-08-30 23:33:08,905 [INFO] IPUIPlugin:80 - create IPUIPlugin
2023-08-30 23:33:08,905 [INFO] IPUIPlugin:80 - create IPUIPlugin
2023-08-30 23:33:08,908 [INFO] IPUIPlugin:80 - create IPUIPlugin
2023-08-30 23:33:08,908 [INFO] IPUIPlugin:80 - create IPUIPlugin
2023-08-30 23:33:08,909 [INFO] IPUIPlugin:80 - create IPUIPlugin
2023-08-30 23:33:09,030 [INFO] ApiDbMcu:507 - Load IP Config File for PDM2PCM
2023-08-30 23:33:09,273 [INFO] CADModel:165 - CPN selected for project levelSTM32F401RET6
2023-08-30 23:33:09,273 [INFO] CADModel:114 - Register for checkConnection events
2023-08-30 23:33:09,328 [INFO] OpenFileManager:328 - Restore cursor
2023-08-30 23:39:43,180 [INFO] NvicIntPanel:101 - NVIC parent = com.st.microxplorer.plugins.ip.nvic.MultiNvicIntPanel[,0,0,0x0,invalid,layout=javax.swing.BoxLayout,alignmentX=0.0,alignmentY=0.0,border=,flags=9,maximumSize=,minimumSize=,preferredSize=]
2023-08-30 23:39:49,348 [INFO] UtilMem:75 - End SaveConfig() Used Memory: 600145192 Bytes (1070596096)
2023-08-30 23:39:49,421 [INFO] UtilMem:75 - End SaveConfig() Used Memory: 495019656 Bytes (1070596096)
2023-08-30 23:39:49,919 [INFO] UtilMem:75 - End SaveConfig() Used Memory: 528047752 Bytes (1070596096)
2023-08-30 23:39:50,601 [INFO] BlockDiagram:2759 - set Specific Code input for plugin: SPI
2023-08-30 23:39:50,601 [INFO] BlockDiagram:2759 - set Specific Code input for plugin: NVIC
2023-08-30 23:39:50,601 [INFO] BlockDiagram:2759 - set Specific Code input for plugin: USART
2023-08-30 23:39:50,601 [INFO] BlockDiagram:2759 - set Specific Code input for plugin: SYS
2023-08-30 23:39:50,601 [INFO] BlockDiagram:2759 - set Specific Code input for plugin: GPIO
2023-08-30 23:39:50,601 [INFO] BlockDiagram:2759 - set Specific Code input for plugin: RCC
2023-08-30 23:39:50,601 [INFO] CodeGenerator:793 - code generatio: config db path: C:\ST\STM32CubeIDE_1.12.1\STM32CubeIDE\plugins\com.st.stm32cube.common.mx_6.8.1.202304191431\\db\
2023-08-30 23:39:50,912 [INFO] CodeEngine:255 - oldGeneratedFile, C:\Users\sande\STM32CubeIDE\Nucleo_Receive\Nucleo_Receive\MXTmpFiles\license.tmp_save
2023-08-30 23:39:51,251 [INFO] CodeEngine:279 - Generated code: C:\Users\sande\STM32CubeIDE\Nucleo_Receive\Nucleo_Receive\MXTmpFiles\license.tmp
2023-08-30 23:39:51,313 [INFO] CodeEngine:255 - oldGeneratedFile, C:\Users\sande\STM32CubeIDE\Nucleo_Receive\Nucleo_Receive\MXTmpFiles\gpio.tmp_save
2023-08-30 23:39:51,479 [INFO] CodeEngine:279 - Generated code: C:\Users\sande\STM32CubeIDE\Nucleo_Receive\Nucleo_Receive\MXTmpFiles\gpio.tmp
2023-08-30 23:39:51,637 [INFO] CodeEngine:255 - oldGeneratedFile, C:\Users\sande\STM32CubeIDE\Nucleo_Receive\Nucleo_Receive\Core\Src\stm32f4xx_it.c_save
2023-08-30 23:39:51,771 [INFO] CodeEngine:279 - Generated code: C:\Users\sande\STM32CubeIDE\Nucleo_Receive\Nucleo_Receive\Core\Src\stm32f4xx_it.c
2023-08-30 23:39:51,783 [INFO] CodeEngine:255 - oldGeneratedFile, C:\Users\sande\STM32CubeIDE\Nucleo_Receive\Nucleo_Receive\Core\Inc\stm32f4xx_it.h_save
2023-08-30 23:39:51,850 [INFO] CodeEngine:279 - Generated code: C:\Users\sande\STM32CubeIDE\Nucleo_Receive\Nucleo_Receive\Core\Inc\stm32f4xx_it.h
2023-08-30 23:39:51,875 [INFO] CodeEngine:255 - oldGeneratedFile, C:\Users\sande\STM32CubeIDE\Nucleo_Receive\Nucleo_Receive\Core\Src\stm32f4xx_hal_msp.c_save
2023-08-30 23:39:51,978 [INFO] CodeEngine:279 - Generated code: C:\Users\sande\STM32CubeIDE\Nucleo_Receive\Nucleo_Receive\Core\Src\stm32f4xx_hal_msp.c
2023-08-30 23:39:51,986 [INFO] CodeEngine:255 - oldGeneratedFile, C:\Users\sande\STM32CubeIDE\Nucleo_Receive\Nucleo_Receive\MXTmpFiles\system.tmp_save
2023-08-30 23:39:52,023 [INFO] CodeEngine:279 - Generated code: C:\Users\sande\STM32CubeIDE\Nucleo_Receive\Nucleo_Receive\MXTmpFiles\system.tmp
2023-08-30 23:39:52,048 [INFO] CodeEngine:311 - oldGeneratedFile, C:\Users\sande\STM32CubeIDE\Nucleo_Receive\Nucleo_Receive\Core\Inc\stm32f4xx_hal_conf.h_save
2023-08-30 23:39:52,127 [INFO] CodeEngine:335 - Generated code: C:\Users\sande\STM32CubeIDE\Nucleo_Receive\Nucleo_Receive\Core\Inc\stm32f4xx_hal_conf.h
2023-08-30 23:39:52,222 [INFO] CodeEngine:255 - oldGeneratedFile, C:\Users\sande\STM32CubeIDE\Nucleo_Receive\Nucleo_Receive\Core\Inc\main.h_save
2023-08-30 23:39:52,294 [INFO] CodeEngine:279 - Generated code: C:\Users\sande\STM32CubeIDE\Nucleo_Receive\Nucleo_Receive\Core\Inc\main.h
2023-08-30 23:39:52,314 [INFO] CodeEngine:255 - oldGeneratedFile, C:\Users\sande\STM32CubeIDE\Nucleo_Receive\Nucleo_Receive\Core\Src\main.c_save
2023-08-30 23:39:52,439 [INFO] CodeEngine:279 - Generated code: C:\Users\sande\STM32CubeIDE\Nucleo_Receive\Nucleo_Receive\Core\Src\main.c
2023-08-30 23:39:52,941 [INFO] ProjectBuilder:2996 - Time for Copy HAL[1] : 112mS.
2023-08-30 23:39:52,953 [INFO] ProjectBuilder:4304 - Project Generator version: 3.19.2
2023-08-30 23:39:53,211 [INFO] ConfigFileManager:1483 - The Die is : DIE433
2023-08-30 23:39:53,224 [INFO] ApiDbMcu:507 - Load IP Config File for FATFS
2023-08-30 23:39:53,240 [INFO] ApiDbMcu:507 - Load IP Config File for FREERTOS
2023-08-30 23:39:53,249 [INFO] ApiDbMcu:507 - Load IP Config File for LIBJPEG
2023-08-30 23:39:53,261 [INFO] ApiDbMcu:507 - Load IP Config File for MBEDTLS
2023-08-30 23:39:53,277 [INFO] ApiDbMcu:507 - Load IP Config File for USB_DEVICE
2023-08-30 23:39:53,285 [INFO] ApiDbMcu:507 - Load IP Config File for USB_HOST
2023-08-30 23:39:54,091 [INFO] LogOutputStream:77 - [STDOUT_REDIRECT] 
2023-08-30 23:39:55,190 [INFO] ProjectBuilder:4505 - Time for Generating toolchain IDE Files: 2241mS.
2023-08-30 23:39:55,190 [INFO] ProjectBuilder:2867 - Time for Copy CMSIS : 0mS.
2023-08-30 23:39:55,194 [INFO] ProjectBuilder:2867 - Time for Copy CMSIS : 0mS.
